2GFFA_2GFFB 94 94 92.0
5MU9A_5MU9A 292 292 158.0
1VP7A_1VP7B 67 67 101.0
4KE2A_4KE2A 196 196 141.0
6K6LA_6K6LB 257 257 156.0
3ES1A_3ES1A 160 160 344.0
4JAQC_4JAQD 352 352 269.0
5CHXA_5CHXB 193 193 220.0
6JMIA_6JMID 83 83 123.0
2HF9A_2HF9B 209 209 136.0
3LMAA_3LMAD 299 299 237.0
1H82A_1H82B 459 459 179.0
2OU5A_2OU5B 173 173 152.0
4DJBA_4DJBB 113 113 93.0
6OIBA_6OIBB 406 406 108.0
5V6BA_5V6BB 260 260 466.0
3HZZC_3HZZD 447 447 174.0
6RNQA_6RNQB 245 245 345.0
6VJUA_6VJUB 316 316 201.0
6RS4A_6RS4B 315 315 166.0
6EOWA_6EOWB 331 331 135.0
4U12A_4U12A 79 79 156.0
2O8NA_2O8NA 227 227 132.0
6L9UA_6L9UA 140 140 102.0
2PKFA_2PKFA 332 332 154.0
4XLYA_4XLYB 258 258 108.0
3BZHA_3BZHA 161 161 109.0
6MAGA_6MAGA 282 282 193.0
3IC6A_3IC6A 205 205 127.0
1YYQA_1YYQB 351 351 253.0
2R47A_2R47B 154 154 266.0
4RAZA_4RAZB 134 134 145.0
1VK6A_1VK6A 249 249 161.0
4YFIA_4YFIB 258 258 218.0
3HUHA_3HUHB 119 119 259.0
1O5LA_1O5LA 129 129 166.0
3BREA_3BREB 322 322 128.0
6HFJA_6HFJA 361 361 99.0
6C5BA_6C5BB 332 332 338.0
1ZEEA_1ZEEB 356 356 139.0
3DP7A_3DP7B 350 350 416.0
6EL2A_6EL2B 182 182 188.0
3HLXA_3HLXD 254 254 195.0
5W8XA_5W8XA 366 366 631.0
1JOGA_1JOGB 129 129 132.0
5UBFA_5UBFB 269 269 224.0
3VRHA_3VRHA 298 298 100.0
1K20A_1K20B 310 310 131.0
2EJBA_2EJBA 176 176 179.0
5YETA_5YETB 395 395 105.0
3KK4A_3KK4B 122 122 273.0
4JEMA_4JEMB 151 151 132.0
4P2XA_4P2XB 160 160 362.0
6AQUA_6AQUB 219 219 137.0
3CP3A_3CP3A 127 127 128.0
1ELUA_1ELUB 381 381 340.0
4GEKA_4GEKG 228 228 136.0
3FGEA_3FGEA 194 194 412.0
1WR8A_1WR8B 230 230 121.0
4I4KA_4I4KB 129 129 141.0
2I8TA_2I8TB 148 148 133.0
6YB7A_6YB7A 306 306 179.0
1P65A_1P65B 57 57 155.0
2R18A_2R18A 129 129 175.0
2QYCA_2QYCB 95 95 131.0
4L6WA_4L6WB 380 380 194.0
3FKQA_3FKQA 344 344 165.0
6JQ1A_6JQ1B 129 129 185.0
3V7OA_3V7OB 126 126 144.0
1NS5A_1NS5B 149 149 124.0
4BJQA_4BJQC 78 78 241.0
5FHKA_5FHKB 192 192 142.0
2QEAA_2QEAB 153 153 129.0
3N29A_3N29B 367 367 380.0
6HTOA_6HTOB 378 378 93.0
4GGJA_4GGJA 165 165 139.0
4HUZA_4HUZA 317 317 167.0
1I0RA_1I0RB 160 160 200.0
3P2CA_3P2CB 431 431 170.0
3ONTA_3ONTA 107 107 224.0
5M88A_5M88B 121 121 186.0
1D3YA_1D3YB 289 289 258.0
2QYAA_2QYAB 115 115 147.0
3HQXA_3HQXA 104 104 133.0
5ZYOA_5ZYOC 148 148 507.0
4PIBA_4PIBB 172 172 243.0
4J6EA_4J6EA 273 273 133.0
5HWOA_5HWOA 418 418 316.0
1JR8A_1JR8B 104 104 114.0
5CQVA_5CQVB 170 170 366.0
2EFKA_2EFKA 267 267 352.0
4WIDA_4WIDB 334 334 266.0
3I67A_3I67A 124 124 118.0
4C1BA_4C1BB 168 168 330.0
3LINA_3LINB 116 116 221.0
3UXJA_3UXJB 255 255 231.0
3CDLA_3CDLB 176 176 119.0
2JHEA_2JHEB 189 189 188.0
4H7NA_4H7ND 459 459 332.0
4JKVA_4JKVB 439 439 97.0
2I76A_2I76B 239 239 388.0
4XCMA_4XCMB 167 167 220.0
1VZIA_1VZIB 125 125 196.0
2ZYDA_2ZYDB 464 464 573.0
3ND1A_3ND1B 244 244 213.0
6HSDA_6HSDC 160 160 189.0
4YUCA_4YUCA 330 330 329.0
6NPPA_6NPPB 129 129 216.0
2XU6A_2XU6B 61 61 119.0
3VK5A_3VK5B 252 252 124.0
2YZTA_2YZTA 66 66 193.0
4D7EB_4D7ED 300 300 117.0
1OJHA_1OJHB 48 48 104.0
3BJXA_3BJXB 288 288 148.0
5TGQA_5TGQA 226 226 137.0
6NU8A_6NU8A 488 488 168.0
6IA6A_6IA6A 388 388 110.0
5X49A_5X49B 441 441 140.0
3HNWA_3HNWB 124 124 244.0
3CT8A_3CT8A 132 132 217.0
2HD0A_2HD0B 127 127 235.0
5I90A_5I90B 390 390 327.0
2WBTA_2WBTB 107 107 187.0
4H8EA_4H8EA 235 235 245.0
3D7LC_3D7LD 194 194 137.0
2J6YA_2J6YB 81 81 176.0
2WTEA_2WTEB 199 199 176.0
2JHFA_2JHFB 374 374 179.0
2X3LA_2X3LB 419 419 313.0
2HXIA_2HXIB 192 192 262.0
4O9KA_4O9KB 122 122 89.0
3N4JA_3N4JA 161 161 191.0
5BY5A_5BY5A 115 115 139.0
3G4OA_3G4OB 439 439 244.0
4WP9A_4WP9B 159 159 110.0
1T92A_1T92B 108 108 134.0
3C8XA_3C8XA 160 160 171.0
2P97A_2P97B 198 198 92.0
6DZSA_6DZSB 427 427 250.0
4JBBA_4JBBA 208 208 147.0
2IMFA_2IMFA 203 203 125.0
4H40A_4H40B 295 295 127.0
3TAIA_3TAIB 390 390 245.0
3IF0X_3IF0X 149 149 136.0
6UWEA_6UWED 467 467 299.0
1MJHA_1MJHB 143 143 99.0
4WD4A_4WD4B 214 214 146.0
3KSRA_3KSRA 236 236 167.0
2GD5A_2GD5B 130 130 118.0
3HFTA_3HFTA 239 239 173.0
4KBXA_4KBXA 380 380 301.0
2GS9A_2GS9B 210 210 161.0
5FRKA_5FRKB 136 136 120.0
1THEA_1THEB 253 253 134.0
3TX8A_3TX8A 354 354 193.0
4RO3A_4RO3B 112 112 126.0
4XTTA_4XTTB 85 85 115.0
1XAOA_1XAOB 115 115 313.0
6GZAA_6GZAB 87 87 95.0
4XSLA_4XSLB 290 290 154.0
3HXSA_3HXSB 105 105 56.0
5Z2HA_5Z2HB 91 91 143.0
3WQMA_3WQMA 294 294 360.0
5JBRA_5JBRB 139 139 161.0
4JJ0A_4JJ0A 181 181 221.0
2FGCA_2FGCA 156 156 204.0
2J6BA_2J6BA 109 109 181.0
4P8IA_4P8IB 242 242 162.0
1VZ6A_1VZ6B 376 376 267.0
6EK1A_6EK1A 306 306 183.0
2OB5A_2OB5A 145 145 107.0
3GDIA_3GDIB 247 247 102.0
4ADNA_4ADNB 206 206 96.0
3UI3A_3UI3B 97 97 166.0
3EINA_3EINA 207 207 162.0
2YKFA_2YKFA 263 263 202.0
2A3QA_2A3QB 108 108 322.0
1E7LA_1E7LB 157 157 295.0
4IPIA_4IPIA 351 351 410.0
2BTIA_2BTIB 53 53 164.0
5XZQA_5XZQB 106 106 196.0
4HZ4A_4HZ4A 215 215 210.0
1MK4A_1MK4B 157 157 136.0
1MP9A_1MP9B 187 187 119.0
2OQRA_2OQRA 226 226 231.0
3CETA_3CETB 296 296 156.0
6MR3A_6MR3B 242 242 157.0
2BSJA_2BSJB 119 119 133.0
5U8OA_5U8OB 352 352 107.0
2H8GA_2H8GB 244 244 197.0
5AYVA_5AYVB 300 300 104.0
4NJMA_4NJMB 302 302 208.0
1P9OA_1P9OB 264 264 215.0
1OMZA_1OMZB 253 253 147.0
2PIGA_2PIGB 308 308 194.0
4GN0A_4GN0C 102 102 121.0
1I5EA_1I5EB 208 208 199.0
3R4ZA_3R4ZB 358 358 334.0
6A4VA_6A4VB 269 269 151.0
6BXZA_6BXZC 317 317 190.0
2PKEA_2PKEB 212 212 107.0
3WQCA_3WQCB 379 379 267.0
1T82A_1T82B 138 138 129.0
1R8GA_1R8GB 341 341 163.0
4KR5A_4KR5B 229 229 91.0
3OA7A_3OA7A 188 188 490.0
5YPPA_5YPPB 90 90 152.0
3JZ3A_3JZ3B 144 144 82.0
4A6DA_4A6DA 345 345 372.0
5FQ1A_5FQ1B 106 106 107.0
1YM3A_1YM3A 193 193 216.0
4HCEA_4HCEB 129 129 141.0
1AZTA_1AZTB 335 335 113.0
3HRYA_3HRYB 55 55 116.0
3CDHA_3CDHB 129 129 225.0
3KMHA_3KMHB 215 215 204.0
2PQVA_2PQVB 148 148 133.0
3LO3A_3LO3B 93 93 151.0
3PLTA_3PLTB 207 207 253.0
3ZN4A_3ZN4A 149 149 189.0
6NDIA_6NDIB 266 266 152.0
4LNSA_4LNSA 304 304 202.0
1EW3A_1EW3A 159 159 102.0
6HIUA_6HIUB 143 143 179.0
4MJ7A_4MJ7B 153 153 201.0
6K17A_6K17B 197 197 437.0
5I1UA_5I1UB 292 292 175.0
2R6VA_2R6VA 178 178 319.0
2ZCMA_2ZCMB 172 172 171.0
2C2AA_2C2AA 241 241 171.0
3DCMX_3DCMX 188 188 191.0
4U66A_4U66A 204 204 114.0
3EXZA_3EXZA 145 145 132.0
3HJVA_3HJVB 300 300 121.0
5GPEA_5GPEB 122 122 218.0
4RMBA_4RMBB 141 141 254.0
1NA8A_1NA8B 145 145 109.0
5KIAA_5KIAA 339 339 133.0
2GX5A_2GX5B 157 157 117.0
1LR5A_1LR5D 160 160 155.0
3QQAA_3QQAA 200 200 183.0
4O5FA_4O5FB 248 248 266.0
1LNWA_1LNWB 129 129 182.0
1HLMA_1HLMA 158 158 82.0
3K1TA_3K1TA 414 414 122.0
4NN1A_4NN1A 205 205 295.0
5HCIA_5HCIF 248 248 241.0
3FZ5A_3FZ5B 181 181 88.0
6C1XA_6C1XA 127 127 126.0
4XYBA_4XYBB 384 384 438.0
1T70A_1T70B 255 255 175.0
3RKCA_3RKCB 146 146 154.0
1XG7A_1XG7B 239 239 97.0
2G7GA_2G7GA 194 194 276.0
3PG6A_3PG6D 134 134 130.0
3TLAA_3TLAB 335 335 215.0
3MMHA_3MMHB 167 167 112.0
6DKHA_6DKHD 345 345 215.0
3KHNA_3KHNB 155 155 102.0
2IMLA_2IMLC 187 187 187.0
5W6YA_5W6YB 225 225 82.0
4R85A_4R85D 411 411 264.0
1O4TA_1O4TB 115 115 138.0
1ZJCA_1ZJCA 413 413 125.0
1VH6A_1VH6B 96 96 243.0
3SY6A_3SY6B 269 269 107.0
6CF1A_6CF1B 88 88 136.0
6C8RA_6C8RB 355 355 123.0
2Q0XA_2Q0XB 293 293 203.0
6SSDA_6SSDA 424 424 546.0
3CT9A_3CT9B 335 335 160.0
6O15A_6O15B 355 355 193.0
2YYHA_2YYHB 136 136 127.0
3RPEA_3RPEB 195 195 200.0
3IM3A_3IM3A 50 50 121.0
1JAYA_1JAYB 212 212 164.0
5WSFA_5WSFD 108 108 152.0
3JSJA_3JSJB 181 181 157.0
3OLJA_3OLJD 286 286 159.0
1PC6A_1PC6B 102 102 133.0
3O47A_3O47A 289 289 115.0
2VBWA_2VBWB 147 147 314.0
2R78A_2R78B 113 113 127.0
3CTAA_3CTAA 187 187 91.0
4HTLA_4HTLA 284 284 217.0
6CNIA_6CNIB 182 182 143.0
2FIQA_2FIQB 398 398 159.0
4L9GA_4L9GB 242 242 265.0
3LL5A_3LL5C 221 221 155.0
5UB8A_5UB8A 174 174 84.0
3C26A_3C26A 250 250 115.0
2AKZA_2AKZB 432 432 254.0
1JOCA_1JOCB 123 123 192.0
1LGPA_1LGPA 113 113 342.0
3TV0A_3TV0B 140 140 140.0
5W8QA_5W8QB 378 378 239.0
2ISNA_2ISNB 322 322 154.0
3HHPA_3HHPB 304 304 193.0
1ECYA_1ECYA 142 142 162.0
