5k39A_5k39B 167 153
4c92A_4c92B 130 105
1hucD_1hucC 205 47
4iumB_4iumA 75 127
4ne6A_4ne6B 91 73
6b4eC_6b4eA 39 296
3tz1A_3tz1B 71 24
1hbuB_1hbuD_1 201 248
1hbuB_1hbuD_2 201 248
2xtsD_2xtsC_1 154 295
2xtsD_2xtsC_2 154 295
4p1xE_4p1xD_1 229 220
4p1xE_4p1xD_2 229 220
3tw8B_3tw8A_1 148 301
3tw8B_3tw8A_2 148 301
5j56B_5j56A 129 254
3skmB_3skmA 99 270
1mroA_1mroB_1 248 201
1mroA_1mroB_2 248 201
1fz8D_1fz8F_1 314 135
1fz8D_1fz8F_2 314 135
1e6dL_1e6dM_1 216 233
1e6dL_1e6dM_2 216 233
5m26E_5m26F_1 151 298
5m26E_5m26F_2 151 298
3hzhB_3hzhA 149 133
1k9oI_1k9oE_1 282 167
1k9oI_1k9oE_2 282 167
5m0lA_5m0lB 338 18
2a06O_2a06N_1 220 229
2a06O_2a06N_2 220 229
1y4hB_1y4hD 173 109
4yzuA_4yzuB 234 57
2x9aC_2x9aD 61 90
4jfdE_4jfdD 245 196
6b3xB_6b3xA 14 327
3akoD_3akoC 76 149
4i1nA_4i1nB 159 128
2bssB_2bssA 100 276
3pooA_3pooB 331 19
6gecL_6gecA 40 207
5e8eH_5e8eB_1 239 210
5e8eH_5e8eB_2 239 210
1d2zA_1d2zB 102 150
2f6mC_2f6mD 63 102
3ln5A_3ln5C 274 11
1s9dA_1s9dE 155 192
4txvD_4txvC 133 178
5j76A_5j76B 109 111
2rhkD_2rhkB 60 119
3d65E_3d65I 223 56
4doqB_4doqA 47 221
4zohC_4zohA_1 84 365
4zohC_4zohA_2 84 365
2wdqH_2wdqF 105 238
4priD_4priA_1 190 259
4priD_4priA_2 190 259
4ccgY_4ccgB 67 147
2pavP_2pavA_1 125 324
2pavP_2pavA_2 125 324
6dxyA_6dxyB 95 229
3d1mD_3d1mA 99 148
3mhsE_3mhsA_1 71 378
3mhsE_3mhsA_2 71 378
4i5lD_4i5lE_1 278 171
4i5lD_4i5lE_2 278 171
3ln5C_3ln5A 11 274
4zw2B_4zw2A 18 319
4gs7C_4gs7B 193 192
3d2eA_3d2eB_1 280 169
3d2eA_3d2eB_2 280 169
5a4mL_5a4mS_1 309 140
5a4mL_5a4mS_2 309 140
4az0A_4az0B 260 153
5we0G_5we0H 218 29
2oulB_2oulA 107 241
4wfdA_4wfdB 91 100
5lpuC_5lpuB 89 338
4i2lC_4i2lD 41 36
4od9A_4od9B 97 240
3awtA_3awtB 278 78
4ml0M_4ml0N 84 90
5gpiF_5gpiE 152 38
5nqdA_5nqdB_1 389 60
5nqdA_5nqdB_2 389 60
4yxaF_4yxaD 193 62
5v1yA_5v1yE 114 14
1hboB_1hboC_1 288 161
1hboB_1hboC_2 288 161
4i55B_4i55C_1 221 228
4i55B_4i55C_2 221 228
1kvdB_1kvdA 77 63
3h9rB_3h9rA 107 312
5j2tB_5j2tA_1 222 227
5j2tB_5j2tA_2 222 227
1k8zB_1k8zA_1 272 177
1k8zB_1k8zA_2 272 177
4uf7A_4uf7C_1 338 111
4uf7A_4uf7C_2 338 111
3aa7A_3aa7B_1 236 213
3aa7A_3aa7B_2 236 213
5f96G_5f96H_1 273 176
5f96G_5f96H_2 273 176
4bwqB_4bwqA 23 134
5ksvA_5ksvB 180 180
4lo6A_4lo6B_1 129 320
4lo6A_4lo6B_2 129 320
4bjhA_4bjhB_1 266 183
4bjhA_4bjhB_2 266 183
5obtA_5obtE 227 50
3mgrF_3mgrE 87 99
4rocA_4rocB_1 283 166
4rocA_4rocB_2 283 166
3vqhA_3vqhB 344 20
3pdiA_3pdiB_1 223 226
3pdiA_3pdiB_2 223 226
4zfgA_4zfgL 220 213
4g59A_4g59C 162 264
5v89A_5v89C 190 67
1owfA_1owfB 96 94
5a63B_5a63D 215 100
2xgyB_2xgyA 165 129
1o1lA_1o1lD 283 146
3ru4E_3ru4D 96 131
4x4yD_4x4yC 98 113
2y8tE_2y8tD 36 395
5mzmA_5mzmB 271 99
5lxvA_5lxvB 172 65
6d1vB_6d1vA 159 275
5aamC_5aamA 95 228
1nvmA_1nvmB_1 234 215
1nvmA_1nvmB_2 234 215
4pc2B_4pc2D_1 257 192
4pc2B_4pc2D_2 257 192
5eljB_5eljA 75 90
3qjfB_3qjfA 240 195
2fdbM_2fdbP 149 197
4lhqA_4lhqB 260 128
2pu9A_2pu9C 110 111
3plvC_3plvA 21 80
5nkmC_5nkmD_1 256 193
5nkmC_5nkmD_2 256 193
1oqmD_1oqmC 272 123
1f6fA_1f6fB 183 195
5i4hB_5i4hA 112 106
4xa9C_4xa9c_1 236 213
4xa9C_4xa9c_2 236 213
2c0jB_2c0jA 143 161
4czdD_4czdC 157 139
6co9A_6co9B_1 244 205
6co9A_6co9B_2 244 205
2ny0D_2ny0C 222 214
3mffA_3mffB 193 242
2nqoC_2nqoD_1 293 156
2nqoC_2nqoD_2 293 156
4irvC_4irvG 190 19
5j1sA_5j1sB_1 243 206
5j1sA_5j1sB_2 243 206
3a8oB_3a8oA 212 195
2dxcA_2dxcK 119 152
2pa8L_2pa8D 92 264
1ehkB_1ehkA_1 105 344
1ehkB_1ehkA_2 105 344
2sniI_2sniE 64 275
2f6mB_2f6mA 107 65
5o2tB_5o2tA 142 164
3clrC_3clrD_1 199 250
3clrC_3clrD_2 199 250
4zbjA_4zbjC 160 82
1t6gD_1t6gB_1 148 301
1t6gD_1t6gB_2 148 301
2ckfC_2ckfD_1 321 128
2ckfC_2ckfD_2 321 128
4lajF_4lajM_1 328 121
4lajF_4lajM_2 328 121
4hcrA_4hcrH 194 217
2ijoI_2ijoB 56 168
4cdfE_4cdfF 163 68
3wmiA_3wmiB 57 37
3nmxC_3nmxF 323 13
5g5hA_5g5hC_1 86 363
5g5hA_5g5hC_2 86 363
4geqF_4geqA 19 89
3bwuF_3bwuC 128 200
1eysL_1eysM_1 210 239
1eysL_1eysM_2 210 239
3aqbC_3aqbD_1 132 317
3aqbC_3aqbD_2 132 317
5ihzB_5ihzA 213 208
5d1lA_5d1lB 146 111
6az2F_6az2A 211 213
1o7nA_1o7nB_1 314 135
1o7nA_1o7nB_2 314 135
4zh1C_4zh1D 291 126
1danL_1danT 132 75
3zo1A_3zo1I 339 18
3owpA_3owpB 334 19
2zfdB_2zfdA 116 183
3zqrH_3zqrG 26 21
1du3A_1du3D 90 152
1pzyD_1pzyC 271 123
2apoB_2apoA 52 304
6dnqE_6dnqD 54 87
1b5fB_1b5fA 87 238
5h67A_5h67B 199 181
5o03D_5o03A 133 310
4h2xD_4h2xA 75 293
5en2B_5en2A 212 218
4wemB_4wemA 121 248
5di9B_5di9A 128 208
3ma7B_3ma7A 98 273
5j4qB_5j4qA 64 241
4upeC_4upeR_1 146 303
4upeC_4upeR_2 146 303
3r7bA_3r7bB 156 95
1mtpA_1mtpB 320 35
4hx2B_4hx2A 114 274
2oxhF_2oxhE 113 107
1e44B_1e44A 96 84
4ui7D_4ui7B 48 162
1h59B_1h59A 45 54
3ga9L_3ga9S 274 166
1oakH_1oakA 218 196
1o6sB_1o6sA_1 83 366
1o6sB_1o6sA_2 83 366
5ushH_5ushX 214 230
3d65I_3d65E 56 223
4dx7E_4dx7A_1 57 392
4dx7E_4dx7A_2 57 392
5lb7B_5lb7A 78 166
1fvuA_1fvuB 133 121
5jzeD_5jzeC 76 158
1h4iC_1h4iD_1 400 49
1h4iC_1h4iD_2 400 49
4joiB_4joiC 141 118
3tdhC_3tdhA_1 312 137
3tdhC_3tdhA_2 312 137
1ophB_1ophA_1 167 282
1ophB_1ophA_2 167 282
4p78B_4p78C 86 66
5jnoA_5jnoB 97 57
2a9mI_2a9mM 126 109
5hnbA_5hnbB_1 253 196
5hnbA_5hnbB_2 253 196
1cgiI_1cgiE 56 245
5hplB_5hplD_1 369 80
5hplB_5hplD_2 369 80
3kf6A_3kf6B 136 105
5enrA_5enrF_1 351 98
5enrA_5enrF_2 351 98
3dgpA_3dgpB 62 63
1n12D_1n12C 11 133
5vmcB_5vmcA_1 152 297
5vmcB_5vmcA_2 152 297
6fbzB_6fbzA 78 191
4nl9B_4nl9C 63 60
4bvxB_4bvxA 170 203
4cj2A_4cj2D 129 62
1dioL_1dioE_1 339 110
1dioL_1dioE_2 339 110
1n0wB_1n0wA 33 203
1rm6B_1rm6C_1 302 147
1rm6B_1rm6C_2 302 147
2bh1B_2bh1Y 238 68
5cegA_5cegD 85 101
5ggvY_5ggvH 119 225
3ayxC_3ayxD_1 310 139
3ayxC_3ayxD_2 310 139
5anrC_5anrB 23 360
5ikcM_5ikcB 89 210
3qq9D_3qq9C 212 217
2jbgC_2jbgD 87 121
1r8sA_1r8sE 160 187
1jyoE_1jyoA 102 130
1lp1B_1lp1A 54 55
4dx7A_4dx7E_1 392 57
4dx7A_4dx7E_2 392 57
5fozB_5fozA_1 240 209
5fozB_5fozA_2 240 209
1c5dB_1c5dA 215 213
3da9B_3da9A 251 27
4x1vB_4x1vA 14 60
2v5eB_2v5eA 101 200
2rhsD_2rhsA_1 341 108
2rhsD_2rhsA_2 341 108
6axkB_6axkA 213 222
5dmbD_5dmbA 72 140
4jwuD_4jwuB_1 93 356
4jwuD_4jwuB_2 93 356
3ej3C_3ej3F 64 58
1bb1B_1bb1A 34 34
3vz9B_3vz9D 103 60
1cq4B_1cq4A 23 37
1i7sC_1i7sD_1 327 122
1i7sC_1i7sD_2 327 122
5f1nC_5f1nA 11 275
2j7aC_2j7aB_1 101 348
2j7aC_2j7aB_2 101 348
1yroB_1yroA 272 123
5jorC_5jorB 218 207
3oofC_3oofD 230 13
4l09D_4l09B 47 162
1ym0B_1ym0A 23 237
3dboB_3dboA 126 34
3kjqB_3kjqA 90 152
5w2bA_5w2bH 97 226
5bnxA_5bnxB 77 86
1nb5J_1nb5B 98 219
2pvgB_2pvgA 73 108
5la6B_5la6C_1 222 227
5la6B_5la6C_2 222 227
2qiyD_2qiyB 25 133
4tv9B_4tv9C_1 220 229
4tv9B_4tv9C_2 220 229
2clzA_2clzB 279 99
2odeB_2odeA 131 316
6gn8A_6gn8C 232 212
1ukvY_1ukvG_1 138 311
1ukvY_1ukvG_2 138 311
1oqoC_1oqoA 34 208
3h6iF_3h6iG 217 215
4tq1B_4tq1A 32 258
3q78B_3q78A_1 272 177
3q78B_3q78A_2 272 177
3n4iB_3n4iA 165 265
1q40D_1q40C 169 162
2c0lB_2c0lA 122 292
1fzcB_1fzcC_1 227 222
1fzcB_1fzcC_2 227 222
1tueH_1tueJ 191 194
1oxkB_1oxkA 128 156
6cdpB_6cdpA 219 221
4eq6A_4eq6B 192 210
2ibiB_2ibiA 75 335
5l5aW_5l5aK 204 211
4ydkG_4ydkH_1 269 180
4ydkG_4ydkH_2 269 180
4h10B_4h10A 63 60
1tfkB_1tfkA 86 94
4ydlB_4ydlC 223 211
2jetB_2jetC 125 93
3dhiB_3dhiA_1 171 278
3dhiB_3dhiA_2 171 278
4i0xG_4i0xH 68 76
4zneA_4zneE_1 238 211
4zneA_4zneE_2 238 211
5vtuC_5vtuD_1 291 158
5vtuC_5vtuD_2 291 158
4uv7A_4uv7H_1 329 120
4uv7A_4uv7H_2 329 120
5yisB_5yisC 122 26
5g15A_5g15B 265 88
4ayfA_4ayfB 186 122
1mxeE_1mxeA 25 144
3qwzB_3qwzA 79 175
4crzA_4crzB 126 128
1cdlH_1cdlD 18 142
5xqxA_5xqxB_1 253 196
5xqxA_5xqxB_2 253 196
5efwC_5efwA 49 141
4kpuA_4kpuB_1 253 196
4kpuA_4kpuB_2 253 196
5ne42_5ne43 206 219
4yh8B_4yh8A 55 180
3l4qC_3l4qA 163 120
6atfD_6atfF 179 13
5gqqD_5gqqB 167 178
5f1kD_5f1kB 123 237
4rocB_4rocA_1 166 283
4rocB_4rocA_2 166 283
1v7pA_1v7pB 134 127
1fz9E_1fz9A_1 110 339
1fz9E_1fz9A_2 110 339
3sqgI_3sqgH_1 176 273
3sqgI_3sqgH_2 176 273
2xraA_2xraH 203 222
3f2oC_3f2oA 18 203
3whtA_3whtB 208 61
6conF_6conG_1 207 242
6conF_6conG_2 207 242
1fnsH_1fnsA 220 196
5y26B_5y26A 92 97
2fu5B_2fu5C 107 146
6e48F_6e48A 113 304
2znxY_2znxA 129 215
1fzoB_1fzoA 99 273
5l8rA_5l8rB_1 226 223
5l8rA_5l8rB_2 226 223
3oa8B_3oa8A 180 228
3l95Y_3l95H 215 219
2fkwO_2fkwP 52 41
3h6sF_3h6sD 150 220
1kfbB_1kfbA_1 273 176
1kfbB_1kfbA_2 273 176
4nl9D_4nl9A 61 64
3whsB_3whsA_1 151 298
3whsB_3whsA_2 151 298
5o03B_5o03C 312 132
3f4yC_3f4yF 36 38
5x1eF_5x1eE 96 148
5eypF_5eypB_1 105 344
5eypF_5eypB_2 105 344
4ds1C_4ds1D 86 11
4f6uA_4f6uB_1 250 199
4f6uA_4f6uB_2 250 199
5msmC_5msmB 27 132
1o7nB_1o7nA_1 135 314
1o7nB_1o7nA_2 135 314
4n78D_4n78F 202 156
3ph0A_3ph0C 60 53
4f27Q_4f27A 13 328
2oz1E_2oz1F 260 138
4gf3B_4gf3A 28 123
3bx1B_3bx1C 269 181
1o1pD_1o1pA 146 283
3ge8D_3ge8F_1 277 172
3ge8D_3ge8F_2 277 172
4x7fD_4x7fB 112 303
5jzeA_5jzeB 159 76
4b2aA_4b2aB 223 66
1g7lC_1g7lB 129 110
5x6uD_5x6uC 94 91
3bw9B_3bw9A 100 276
1zv8B_1zv8C 27 46
4qafD_4qafB 95 89
2b1xE_2b1xF_1 326 123
2b1xE_2b1xF_2 326 123
4hhhB_4hhhT_1 354 95
4hhhB_4hhhT_2 354 95
3ph0D_3ph0B 53 60
1fqjB_1fqjA 133 317
3rycD_3rycC_1 225 225
3rycD_3rycC_2 225 225
2ckfF_2ckfE_1 126 323
2ckfF_2ckfE_2 126 323
3fubA_3fubB 199 92
1t3mB_1t3mC 134 156
6b0sC_6b0sH 65 216
1i51D_1i51C 92 139
1m9fB_1m9fC 164 146
6eszD_6eszC_1 200 249
6eszD_6eszC_2 200 249
3lqvA_3lqvP 113 39
1g9iE_1g9iI 223 22
5n88E_5n88H 80 126
1h59A_1h59B 54 45
1n2dC_1n2dA 48 147
3r0eB_3r0eA 110 109
5wfcB_5wfcA_1 281 168
5wfcB_5wfcA_2 281 168
2ibgA_2ibgF 214 132
5doiG_5doiC 93 153
2d1pG_2d1pI 130 95
5ja8E_5ja8F 107 127
1ffuC_1ffuA 287 155
2a6hK_2a6hM_1 76 373
2a6hK_2a6hM_2 76 373
3r7nC_3r7nD 160 97
2x9aD_2x9aA 90 61
4eaiA_4eaiB 100 51
2o9qA_2o9qC 223 14
1onkA_1onkB_1 218 231
1onkA_1onkB_2 218 231
1ki1B_1ki1A_1 295 154
1ki1B_1ki1A_2 295 154
1ofuA_1ofuX 307 119
3m7fA_3m7fB 107 135
1fi8E_1fi8F 76 48
3ipqB_3ipqA 15 220
5cllB_5cllA 139 179
1qoqB_1qoqA_1 273 176
1qoqB_1qoqA_2 273 176
2y9wD_2y9wB_1 115 334
2y9wD_2y9wB_2 115 334
3h0wA_3h0wB 238 61
4nbaC_4nbaF_1 354 95
4nbaC_4nbaF_2 354 95
5li1B_5li1A 20 331
3qb4A_3qb4D 105 89
4h4fB_4h4fA 63 239
3mlxP_3mlxH 14 227
5vgbA_5vgbB 140 85
5t1iB_5t1iC 68 13
1legB_1legA 99 273
2w2mA_2w2mE 277 49
3cqxC_3cqxB_1 79 370
3cqxC_3cqxB_2 79 370
5oclG_5oclH 127 115
3zoqB_3zoqA 48 223
4cfqA_4cfqQ 85 27
1sq2L_1sq2N 129 112
3oadC_3oadD 165 171
1m19E_1m19F 98 86
1cc1L_1cc1S_1 287 162
1cc1L_1cc1S_2 287 162
1em8B_1em8A 110 147
2j9uA_2j9uB 94 47
1xfpL_1xfpA 129 131
6aodA_6aodC 207 236
4eukA_4eukB 136 152
2g45E_2g45D 76 117
3sdlA_3sdlC 95 151
2zalB_2zalC 135 156
4dfxE_4dfxI 347 20
4glrJ_4glrK 227 206
4at7A_4at7B_1 228 221
4at7A_4at7B_2 228 221
1gvnA_1gvnB 88 273
4hplA_4hplB 113 83
4xkdF_4xkdE_1 155 294
4xkdF_4xkdE_2 155 294
5xkuC_5xkuA 219 208
5ip4D_5ip4B 80 110
5kewF_5kewE 127 88
3rnkB_3rnkA 104 112
2qn6C_2qn6A 18 393
4xizA_4xizN 170 70
5ommC_5ommA 93 314
3q87B_3q87A 164 122
1ezuA_1ezuD 140 223
2dfxE_2dfxI 92 106
5a4fM_5a4fT_1 309 140
5a4fM_5a4fT_2 309 140
1xt9B_1xt9A 76 208
5nj5B_5nj5A_1 216 233
5nj5B_5nj5A_2 216 233
5mt3E_5mt3F 20 26
5dq9B_5dq9A 212 216
3ej7H_3ej7K 54 59
5tzqC_5tzqB 22 130
5kerC_5kerD 140 146
3so6A_3so6Q 137 13
4kzqD_4kzqB 47 162
5yr0A_5yr0B 48 44
5cyzA_5cyzC_1 351 98
5cyzA_5cyzC_2 351 98
2gwfC_2gwfD 134 126
4xizM_4xizB 70 170
4x0lC_4x0lA 259 141
3da7A_3da7D 109 90
5akoC_5akoB 153 75
1s4yB_1s4yA 111 91
4jzoB_4jzoA 211 215
4pl8H_4pl8A 26 356
1zvhA_1zvhL 124 127
5v89C_5v89A 67 190
5t59F_5t59D 35 101
5hq0A_5hq0B_1 236 213
5hq0A_5hq0B_2 236 213
5griA_5griB_1 220 229
5griA_5griB_2 220 229
1l2wB_1l2wI 117 57
3sl9F_3sl9E 27 165
5oskB_5oskA_1 220 229
5oskB_5oskA_2 220 229
1g7lB_1g7lA 110 107
4b8aA_4b8aB_1 215 234
4b8aA_4b8aB_2 215 234
2gl9B_2gl9C 144 142
2wjmL_2wjmC_1 203 246
2wjmL_2wjmC_2 203 246
2e4mA_2e4mC 285 143
1a5aB_1a5aA_1 271 178
1a5aB_1a5aA_2 271 178
5jqaA_5jqaB 147 20
4hihB_4hihA 202 211
3reaA_3reaB 127 60
1bxrE_1bxrF_1 332 117
1bxrE_1bxrF_2 332 117
5b71D_5b71F 219 92
5jfzE_5jfzF 180 49
5b1mA_5b1mB 97 78
2zttC_2zttD 67 34
5e0uF_5e0uC 18 255
2yfvA_2yfvB 68 74
5einB_5einC 342 54
1ca0H_1ca0G 97 131
4zp4D_4zp4C_1 237 212
4zp4D_4zp4C_2 237 212
4kkxB_4kkxA_1 268 181
4kkxB_4kkxA_2 268 181
5fw5C_5fw5A 23 140
3pxsA_3pxsD_1 218 231
3pxsA_3pxsD_2 218 231
5tl7D_5tl7C 313 76
4kp3A_4kp3C 361 81
4e6nA_4e6nB_1 293 156
4e6nA_4e6nB_2 293 156
4ww7B_4ww7A 172 237
4cfqR_4cfqC 29 85
4qkoB_4qkoA 131 87
4nrhA_4nrhD_1 283 166
4nrhA_4nrhD_2 283 166
1z5yD_1z5yE 118 136
1u0sY_1u0sA 118 86
1he1D_1he1B 176 135
2hcjB_2hcjA 334 33
4r18T_4r18S_1 230 219
4r18T_4r18S_2 230 219
2zpkI_2zpkM 206 209
5wjcA_5wjcB 384 14
4x33A_4x33B 60 324
3sjlC_3sjlD_1 115 334
3sjlC_3sjlD_2 115 334
6ehpA_6ehpE 122 70
1rjcB_1rjcA 129 123
4dg4B_4dg4C 224 58
2oxgD_2oxgC 111 101
4nn5A_4nn5B 109 197
4u1lE_4u1lD 100 277
5omxA_5omxB 97 79
4tn7D_4tn7C 68 329
3fieA_3fieC 407 33
1um9C_1um9D_1 229 220
1um9C_1um9D_2 229 220
5f1bA_5f1bB 158 87
6g3wB_6g3wA 189 185
5ikjA_5ikjB_1 392 57
5ikjA_5ikjB_2 392 57
1y96A_1y96B 86 85
3bfwC_3bfwD 132 13
1s4yA_1s4yB 91 111
1fngA_1fngB 182 213
4hi0A_4hi0E 227 196
2wy8Q_2wy8A 66 292
5tciC_5tciD_1 173 276
5tciC_5tciD_2 173 276
2cnwB_2cnwE_1 229 220
2cnwB_2cnwE_2 229 220
2hzmG_2hzmH 196 226
1xgtC_1xgtB 129 210
5j1lD_5j1lC 175 162
5l6mA_5l6mB 66 127
6bxaC_6bxaA_1 136 313
6bxaC_6bxaA_2 136 313
1t60Q_1t60O 224 224
3qalE_3qalI 339 18
4n6rB_4n6rA 198 151
4cniH_4cniC 219 171
3h42B_3h42H_1 310 139
3h42B_3h42H_2 310 139
4hsrB_4hsrA_1 320 129
4hsrB_4hsrA_2 320 129
1euvA_1euvB 221 79
2qcsA_2qcsB_1 240 209
2qcsA_2qcsB_2 240 209
2oznA_2oznB 133 131
1f2uC_1f2uD 148 142
2q9qB_2q9qA 196 175
3prmA_3prmB 157 75
3kfqA_3kfqD 220 98
3rkdD_3rkdB 218 145
3tvtB_3tvtA 14 255
4ki5F_4ki5E 209 224
1z6oO_1z6oA 191 212
3dlqI_3dlqR 131 201
5jvdB_5jvdC_1 221 228
5jvdB_5jvdC_2 221 228
5nqtB_5nqtA_1 225 225
5nqtB_5nqtA_2 225 225
5nh3I_5nh3M 113 111
5kisB_5kisA_1 143 306
5kisB_5kisA_2 143 306
1a6vM_1a6vI 109 119
1zxiD_1zxiE_1 74 375
1zxiD_1zxiE_2 74 375
5mtmA_5mtmB 108 92
5tugB_5tugA 130 115
5nhuJ_5nhuA 29 251
1nh2C_1nh2A 50 180
1um9D_1um9C_1 220 229
1um9D_1um9C_2 220 229
3ma2A_3ma2B 168 117
5ceiA_5ceiB_1 253 196
5ceiA_5ceiB_2 253 196
3gmwB_3gmwA 154 261
3wygD_3wygC_1 8 441
3wygD_3wygC_2 8 441
5h66B_5h66A 181 187
3l6xB_3l6xA_1 17 432
3l6xB_3l6xA_2 17 432
6feaD_6feaE_1 224 225
6feaD_6feaE_2 224 225
4nqeH_4nqeG 231 189
3x14B_3x14A 99 276
2aq1A_2aq1B 109 234
5aqdD_5aqdP 164 183
4crvA_4crvB_1 209 240
4crvA_4crvB_2 209 240
5c50B_5c50A 185 198
5mr5C_5mr5A 198 98
1jthB_1jthA 67 62
1jtpA_1jtpL 135 129
5jenB_5jenA 129 207
3btkE_3btkI 223 56
1f1bA_1f1bB_1 301 148
1f1bA_1f1bB_2 301 148
1yq3C_1yq3D 140 102
2x4yO_2x4yP 123 12
2j8xB_2j8xA 83 230
5ffnA_5ffnI 311 64
2c1dD_2c1dC 137 263
1iwbL_1iwbE_1 340 109
1iwbL_1iwbE_2 340 109
2gbwD_2gbwC_1 124 325
2gbwD_2gbwC_2 124 325
4ydlC_4ydlB 211 223
5lxvD_5lxvC 65 173
5o2tA_5o2tB 164 142
4yfaG_4yfaI_1 101 348
4yfaG_4yfaI_2 101 348
2rhkB_2rhkD 119 60
2xn9C_2xn9E 215 188
4n1eK_4n1eE 127 106
2z0dB_2z0dA 116 309
4pv2B_4pv2A 131 155
2iybA_2iybE 114 64
1kfjB_1kfjA_1 274 175
1kfjB_1kfjA_2 274 175
1qo3A_1qo3C 274 128
5yrzA_5yrzB 150 58
5tvfB_5tvfF_1 216 233
5tvfB_5tvfF_2 216 233
2gzeA_2gzeB 82 132
1ef1A_1ef1C 289 87
4kgqA_4kgqD 139 164
2h89C_2h89B 139 241
6banM_6banB 81 113
1ub5B_1ub5A 214 209
2fifD_2fifC 58 73
4pkfC_4pkfA_1 18 431
4pkfC_4pkfA_2 18 431
5izuC_5izuB 124 15
4orzB_4orzC 117 114
2b5rD_2b5rB 165 263
2oq1B_2oq1A 17 251
4ueqD_4ueqT_1 146 303
4ueqD_4ueqT_2 146 303
1z8jB_1z8jA 241 38
3exeD_3exeA_1 213 236
3exeD_3exeA_2 213 236
2ff6G_2ff6A_1 115 334
2ff6G_2ff6A_2 115 334
1cc1S_1cc1L_1 162 287
1cc1S_1cc1L_2 162 287
4z80B_4z80D_1 421 28
4z80B_4z80D_2 421 28
5osnB_5osnC_1 222 227
5osnB_5osnC_2 222 227
1h3oA_1h3oB 49 71
3h3bB_3h3bD 189 236
3ensD_3ensC 238 84
6h0eA_6h0eB 215 218
5v5hB_5v5hA 79 162
1d3uB_1d3uA 201 181
2htmE_2htmA 61 234
3kf8C_3kf8B 193 121
2fnjC_2fnjA 88 217
2h3nB_2h3nA 116 99
1ndoF_1ndoE_1 136 313
1ndoF_1ndoE_2 136 313
4yx7E_4yx7D 66 65
5cbeA_5cbeB 122 108
5jw5A_5jw5B 223 206
1fz0A_1fz0C_1 255 194
1fz0A_1fz0C_2 255 194
3wwqA_3wwqC 76 38
4h9pB_4h9pA 83 98
4kzuD_4kzuB 47 162
1k2dA_1k2dB 182 184
3bn3A_3bn3B 180 196
1tecI_1tecE 63 279
4zmaL_4zmaT 131 198
3ze7A_3ze7B_1 164 285
3ze7A_3ze7B_2 164 285
2odeA_2odeB 316 131
2qcsB_2qcsA_1 209 240
2qcsB_2qcsA_2 209 240
1jtpM_1jtpB 129 133
3echC_3echA 24 129
1z7kA_1z7kB 223 62
3ej9D_3ej9A 58 62
4lrtB_4lrtA_1 211 238
4lrtB_4lrtA_2 211 238
5c07J_5c07I 246 199
4lxrA_4lxrK_1 413 36
4lxrA_4lxrK_2 413 36
5kwyB_5kwyC 236 133
3g9wC_3g9wB 39 204
2o97B_2o97A 71 70
4wkzA_4wkzB 231 184
4mp0D_4mp0C 28 291
3ukrF_3ukrD 167 282
3nvnB_3nvnA_1 248 201
3nvnB_3nvnA_2 248 201
4i5lE_4i5lD_1 171 278
4i5lE_4i5lD_2 171 278
4yonA_4yonB_1 299 150
4yonA_4yonB_2 299 150
5mzyB_5mzyC_1 216 233
5mzyB_5mzyC_2 216 233
4hr6C_4hr6B_1 252 197
4hr6C_4hr6B_2 252 197
5brkA_5brkB 187 64
5mfdH_5mfdG 104 322
5xv6B_5xv6A 214 185
5m2oA_5m2oB 137 74
5xojD_5xojC_1 8 441
5xojD_5xojC_2 8 441
3pc8D_3pc8B 78 96
3k33A_3k33C 124 73
5d8aB_5d8aA 207 190
4jn2B_4jn2A 214 219
5cerB_5cerA_1 146 303
5cerB_5cerA_2 146 303
4hjjA_4hjjH_1 141 308
4hjjA_4hjjH_2 141 308
2psmB_2psmC 117 69
1sibI_1sibE 63 275
3m7nA_3m7nD 179 243
3zkxB_3zkxA_1 103 346
3zkxB_3zkxA_2 103 346
2bkyY_2bkyB 86 89
2yevC_2yevA_1 33 416
2yevC_2yevA_2 33 416
3zkmC_3zkmD 216 217
4pjhC_4pjhG_1 253 196
4pjhC_4pjhG_2 253 196
3na1A_3na1C_1 426 23
3na1A_3na1C_2 426 23
2q5wD_2q5wE 77 137
6dxyB_6dxyA 229 95
3bn9F_3bn9E 222 211
4clqA_4clqB 348 54
3qpqD_3qpqC 218 215
1q95K_1q95E_1 148 301
1q95K_1q95E_2 148 301
5ls7A_5ls7D 25 100
4zdtC_4zdtD 70 69
4n0hF_4n0hA_1 98 351
4n0hF_4n0hA_2 98 351
5o05D_5o05A 114 308
6cdoA_6cdoB 230 219
5abuB_5abuA 58 175
2pyoB_2pyoA 80 99
3o3mC_3o3mD_1 232 217
3o3mC_3o3mD_2 232 217
4h5sB_4h5sA 100 96
1umrB_1umrD 135 125
1yymP_1yymS 299 25
2e2dC_2e2dA 180 165
3q87A_3q87B 122 164
3so3C_3so3A_1 214 235
3so3C_3so3A_2 214 235
1mhyG_1mhyD_1 111 338
1mhyG_1mhyD_2 111 338
3gofB_3gofD 144 16
3ulqA_3ulqB 376 58
1n13L_1n13I 112 49
5z30B_5z30D 77 93
1zxiC_1zxiA 287 161
5fcuG_5fcuH 104 217
4xxwC_4xxwB 204 229
1a9nD_1a9nC 93 174
4hkvB_4hkvA_1 135 314
4hkvB_4hkvA_2 135 314
4uewC_4uewR_1 145 304
4uewC_4uewR_2 145 304
4jdeB_4jdeA 143 144
4banA_4banB 28 251
1us8B_1us8A 140 129
4bjjB_4bjjA 85 106
1k7fB_1k7fA_1 270 179
1k7fB_1k7fA_2 270 179
4oclA_4oclB 163 181
2nw2A_2nw2B 197 243
4rwyH_4rwyA_1 181 268
4rwyH_4rwyA_2 181 268
5nrkC_5nrkD 143 67
4cniC_4cniH 171 219
4yxcA_4yxcB 182 167
5br6A_5br6B_1 295 154
5br6A_5br6B_2 295 154
6bwvB_6bwvE 143 135
3clsD_3clsC_1 250 199
3clsD_3clsC_2 250 199
2i0sD_2i0sA_1 114 335
2i0sD_2i0sA_2 114 335
3mezD_3mezC 112 110
1n2dA_1n2dC 147 48
4l0iB_4l0iD 162 47
1bhxF_1bhxB 105 145
5f3bA_5f3bC 218 106
1q94B_1q94A 100 275
6fu9C_6fu9D 79 87
3ayhA_3ayhB 134 183
5il2A_5il2B_1 187 262
5il2A_5il2B_2 187 262
5ufeB_5ufeA 54 166
5knhI_5knhD 97 157
5kzpJ_5kzpF 212 226
3lrsD_3lrsC 211 226
1u3hA_1u3hB 110 111
4aqrD_4aqrA 57 145
4b2cD_4b2cC 71 223
5lezb_5leza 203 216
1e6dM_1e6dL_1 233 216
1e6dM_1e6dL_2 233 216
5ufeA_5ufeB 166 54
1nlwE_1nlwD 74 77
3c7vD_3c7vC 165 263
4hopE_4hopF 88 120
4mi8B_4mi8D 136 22
1xvbE_1xvbC_1 134 315
1xvbE_1xvbC_2 134 315
4rlwB_4rlwA 147 153
3gfuD_3gfuC 219 210
1tfkA_1tfkB 94 86
5m2sB_5m2sA 79 141
6d66B_6d66A_1 87 362
6d66B_6d66A_2 87 362
3b4vH_3b4vE 211 107
3l9rA_3l9rB 275 97
4hz9A_4hz9C 118 122
5f8rC_5f8rA_1 95 354
5f8rC_5f8rA_2 95 354
5kisA_5kisB_1 306 143
5kisA_5kisB_2 306 143
3awzA_3awzB 278 78
4upeA_4upeQ_1 146 303
4upeA_4upeQ_2 146 303
5lf6W_5lf6K 204 200
5upkA_5upkC 40 175
3jzaB_3jzaA 193 168
6fjmA_6fjmE_1 351 98
6fjmA_6fjmE_2 351 98
1afqC_1afqB 96 131
4pjxF_4pjxA_1 213 236
4pjxF_4pjxA_2 213 236
4je3B_4je3A 77 244
2ij0E_2ij0A 118 191
5xuyA_5xuyB 180 205
4qqiX_4qqiA 16 176
2qv1C_2qv1A 16 151
3cpjG_3cpjB_1 327 122
3cpjG_3cpjB_2 327 122
1nm5A_1nm5C_1 303 146
1nm5A_1nm5C_2 303 146
3bwuC_3bwuF 200 128
2efcC_2efcD 246 165
1blxB_1blxA_1 154 295
1blxB_1blxA_2 154 295
4cw7A_4cw7B 181 118
4b8mC_4b8mB 41 279
5j28C_5j28A 33 293
5or7C_5or7A 111 297
3d85C_3d85D 133 290
6co9B_6co9A_1 205 244
6co9B_6co9A_2 205 244
5d2mB_5d2mA 76 157
2df6C_2df6A 18 59
1gl4A_1gl4B 273 89
4dkaD_4dkaA 82 127
3wmiB_3wmiA 37 57
4g91C_4g91B 117 91
4u1jB_4u1jA 100 278
4wxaE_4wxaB 69 84
4nbfC_4nbfF_1 354 95
4nbfC_4nbfF_2 354 95
4un1C_4un1D 139 157
4tvsB_4tvsb 222 128
4elkB_4elkA 242 199
2vljE_2vljD 240 199
4ghuB_4ghuA 14 190
2vn5B_2vn5A 56 142
5txsB_5txsA 100 276
5xe3C_5xe3F 103 81
5b32G_5b32H 104 91
4m4yF_4m4yE_1 155 294
4m4yF_4m4yE_2 155 294
5ypuB_5ypuA 21 352
5d2nB_5d2nA 100 273
4cc7D_4cc7C 12 63
5wmrB_5wmrA 100 267
3avrB_3avrA_1 14 435
3avrB_3avrA_2 14 435
2fotC_2fotA 23 134
3kjqA_3kjqB 152 90
4nm5B_4nm5A 19 361
4ocmA_4ocmB 164 177
5uwuB_5uwuA 130 208
3a1qD_3a1qF 74 45
3vuwE_3vuwC 31 75
3ddqD_3ddqA_1 214 235
3ddqD_3ddqA_2 214 235
1xh9A_1xh9B 336 20
2de6B_2de6E_1 353 96
2de6B_2de6E_2 353 96
4lnuB_4lnuA_1 224 225
4lnuB_4lnuA_2 224 225
3q6gM_3q6gI 208 225
4hlmD_4hlmB 47 162
3ff7A_3ff7D 97 112
6ey6P_6ey6F 130 198
3dsnD_3dsnB 190 146
5mtmB_5mtmA 92 108
3f75P_3f75A 75 223
3ejjA_3ejjX 148 272
4pjfG_4pjfH 190 240
5b46A_5b46B_1 304 145
5b46A_5b46B_2 304 145
5kofC_5kofA_1 70 379
5kofC_5kofA_2 70 379
3o3mD_3o3mC_1 217 232
3o3mD_3o3mC_2 217 232
2zphB_2zphA 211 189
4j7bE_4j7bD_1 194 255
4j7bE_4j7bD_2 194 255
4khbD_4khbC 170 106
5ohgC_5ohgB_1 34 415
5ohgC_5ohgB_2 34 415
4msmD_4msmC 76 186
1ukmB_1ukmA 124 131
3v9rA_3v9rB 86 68
4bosA_4bosC 164 76
4yomB_4yomA 322 104
3o6lC_3o6lH 15 218
3g3bD_3g3bC 124 167
3zvqB_3zvqA 58 70
4mayB_4mayD 181 255
4e45A_4e45E 102 105
3b9fI_3b9fH_1 263 186
3b9fI_3b9fH_2 263 186
3h6iS_3h6iT 215 215
2xzeA_2xzeQ 141 23
3qdjD_3qdjE 199 242
4xnqD_4xnqB 202 217
4z3wA_4z3wE_1 360 90
4z3wA_4z3wE_2 360 90
2co7B_2co7A 198 112
2hmlB_2hmlA_1 135 314
2hmlB_2hmlA_2 135 314
1ej7S_1ej7L_1 95 354
1ej7S_1ej7L_2 95 354
4kgxA_4kgxB_1 306 143
4kgxA_4kgxB_2 306 143
5u4rA_5u4rB 229 212
3t4nC_3t4nB 311 104
5szbA_5szbH 115 14
5cbpA_5cbpB 182 127
4zi2B_4zi2D 174 125
1guxB_1guxA 141 177
2xzdH_2xzdD 120 93
5f67D_5f67B 19 97
5mc9C_5mc9B 53 51
5yanE_5yanD 25 24
1kilB_1kilC 59 72
4fbjB_4fbjA 74 250
2wy3C_2wy3D 167 133
1zvyB_1zvyA 129 125
5ayrD_5ayrC 109 224
3wctD_3wctB 147 144
4pv2C_4pv2D 158 131
1mwaA_1mwaB 202 237
4iumA_4iumB 127 75
5m70B_5m70A 172 188
1a9nC_1a9nD 174 93
6fu9A_6fu9B 79 84
5lsiD_5lsiE 82 76
1jwbB_1jwbD 240 80
1azsC_1azsB_1 288 161
1azsC_1azsB_2 288 161
6cphD_6cphE 200 244
3dv4B_3dv4A 119 112
5cqyC_5cqyA 15 102
3qb4D_3qb4A 89 105
1svxA_1svxB_1 134 315
1svxA_1svxB_2 134 315
5ma9D_5ma9C_1 195 254
5ma9D_5ma9C_2 195 254
4u32A_4u32X 224 54
1awcB_1awcA 153 110
4udtB_4udtA 241 202
2f2fA_2f2fC 153 154
3c2aM_3c2aI 215 227
2h1cB_2h1cA 19 139
5z38J_5z38D 55 150
2djgB_2djgC 161 68
5xcrD_5xcrE 160 161
3tjeF_3tjeH 100 229
3oayH_3oayK 217 213
6azzC_6azzA 216 151
4wwrG_4wwrH 52 45
2zzpB_2zzpA 119 311
3bc1F_3bc1A 51 185
1lekB_1lekA 99 273
6ds2C_6ds2D 89 108
3iwcB_3iwcA 61 58
2ny7G_2ny7H_1 251 198
2ny7G_2ny7H_2 251 198
4a69D_4a69B 68 369
3jvgD_3jvgB 98 267
4zv0A_4zv0B 135 93
4nrhD_4nrhA_1 166 283
4nrhD_4nrhA_2 166 283
1h9iE_1h9iI 223 30
4rkoB_4rkoA 248 38
3gs2A_3gs2B 109 30
3d7wB_3d7wA_1 230 219
3d7wB_3d7wA_2 230 219
5ijvC_5ijvD_1 207 242
5ijvC_5ijvD_2 207 242
3gofD_3gofB 16 144
2hleB_2hleA 133 188
2fjdC_2fjdD_1 365 84
2fjdC_2fjdD_2 365 84
6dwiN_6dwiC 209 206
2hfpA_2hfpB 272 17
5jhdI_5jhdJ 203 239
4wu8G_4wu8H 106 95
4ptuB_4ptuA 217 211
2ai0J_2ai0N 223 216
4x6bD_4x6bC 240 186
5kyfB_5kyfC 340 76
3w9eA_3w9eC 215 229
5l5aO_5l5aW_1 247 202
5l5aO_5l5aW_2 247 202
5jjfB_5jjfA 63 221
1uw4A_1uw4B 91 248
5v8wE_5v8wF 77 87
5vauD_5vauH 137 20
4pasA_4pasB 35 39
3t8xB_3t8xA 99 275
5grqB_5grqD 85 26
3q3jB_3q3jA 175 102
5kbnC_5kbnB 96 126
5wmqB_5wmqA 99 276
5kwyC_5kwyB 133 236
5oecA_5oecB 187 158
4ap4B_4ap4A 151 129
4jj5A_4jj5B 178 217
5x6vC_5x6vD 91 85
4c2aB_4c2aA_1 255 194
4c2aB_4c2aA_2 255 194
1syxE_1syxF 135 62
4xh2A_4xh2B 219 210
4y7mB_4y7mD 129 226
3mezC_3mezD 110 112
1puaA_1puaB 162 18
4ie9A_4ie9I 335 20
2v8qB_2v8qA 73 102
4wzbF_4wzbA_1 159 290
4wzbF_4wzbA_2 159 290
5xocA_5xocB 194 133
1kipB_1kipC 116 129
1aisB_1aisA 193 181
1z9sB_1z9sA 149 196
1yr5A_1yr5B 146 19
5lxrA_5lxrB 80 40
3hi2A_3hi2B 70 97
3gewC_3gewD 208 217
4l0tD_4l0tB 47 162
3q9uC_3q9uA 157 138
1f80E_1f80A 73 118
3h0lP_3h0lR_1 378 71
3h0lP_3h0lR_2 378 71
3e8cB_3e8cH 344 20
3pb1E_3pb1I_1 178 271
3pb1E_3pb1I_2 178 271
1n0lC_1n0lD 212 105
3nceB_3nceA 206 186
3sjlC_3sjlA_1 125 325
3sjlC_3sjlA_2 125 325
1gl4B_1gl4A 89 273
4h9rC_4h9rB 205 83
5y9bB_5y9bA_1 151 298
5y9bB_5y9bA_2 151 298
3awtB_3awtA 78 278
2jizB_2jizE_1 228 221
2jizB_2jizE_2 228 221
5odiI_5odiG_1 98 351
5odiI_5odiG_2 98 351
2y0bB_2y0bG 94 119
3c9nB_3c9nA 99 276
2xfxA_2xfxC 277 11
5lpuB_5lpuC 338 89
1z8uC_1z8uD 91 135
1esvS_1esvA_1 116 333
1esvS_1esvA_2 116 333
1z7kB_1z7kA 62 223
5m02H_5m02G 237 187
3b9fH_3b9fI_1 186 263
3b9fH_3b9fI_2 186 263
2yevD_2yevE_1 319 130
2yevD_2yevE_2 319 130
2fjuB_2fjuA_1 358 91
2fjuB_2fjuA_2 358 91
4bqdC_4bqdA 19 78
3t8xA_3t8xB 275 99
5a1nB_5a1nA 205 168
7ceiA_7ceiB 87 127
4wstB_4wstA_1 153 296
4wstB_4wstA_2 153 296
2f31A_2f31B 228 20
4kbbD_4kbbB 18 417
2j55M_2j55J_1 110 339
2j55M_2j55J_2 110 339
1x1uA_1x1uD 110 89
3mhpC_3mhpB 26 289
4nmxB_4nmxA 278 92
1svfD_1svfC 35 62
3rn0E_3rn0B_1 116 333
3rn0E_3rn0B_2 116 333
1ab9C_1ab9B 96 131
3wtsA_3wtsB 119 130
4xh2K_4xh2J 210 221
2q0oA_2q0oC 235 86
3h8dA_3h8dE 120 38
1d5zB_1d5zA 181 178
2dxbU_2dxbT 215 156
3zvqA_3zvqB 70 58
1uptD_1uptC 48 157
2c5iT_2c5iP 93 23
5w3mC_5w3mA_1 217 232
5w3mC_5w3mA_2 217 232
2d0vD_2d0vE_1 403 46
2d0vD_2d0vE_2 403 46
6cvkD_6cvkB 155 231
1kb9F_1kb9D 74 246
5vxzC_5vxzA_1 96 353
5vxzC_5vxzA_2 96 353
5fozA_5fozB_1 209 240
5fozA_5fozB_2 209 240
5ja4B_5ja4A 89 78
4yddA_4yddB_1 329 120
4yddA_4yddB_2 329 120
4bb2A_4bb2B 332 33
4p3wF_4p3wK 157 15
4lfkC_4lfkD 142 172
6c6qD_6c6qB 109 303
4cguA_4cguB 109 80
5n7uA_5n7uB 350 13
1ir1V_1ir1D_1 93 356
1ir1V_1ir1D_2 93 356
1rj9B_1rj9A_1 227 222
1rj9B_1rj9A_2 227 222
5mf4B_5mf4F_1 255 194
5mf4B_5mf4F_2 255 194
1jthA_1jthB 62 67
4kjyA_4kjyB 113 114
3sjqC_3sjqA 80 147
5tisf_5tise 34 82
2z0eA_2z0eB 315 118
5sy8H_5sy8O 231 155
2xqwC_2xqwB 123 294
1s32A_1s32B 98 81
4h8wG_4h8wH_1 277 172
4h8wG_4h8wH_2 277 172
1hdsB_1hdsA 145 141
1jn9A_1jn9B 157 134
6et3C_6et3D_1 249 200
6et3C_6et3D_2 249 200
1nf3C_1nf3A 123 194
4etwA_4etwB 255 75
2oulA_2oulB 241 107
4je3A_4je3B 244 77
4yonB_4yonA_1 150 299
4yonB_4yonA_2 150 299
5efqB_5efqA_1 193 256
5efqB_5efqA_2 193 256
5yrzB_5yrzA 58 150
2qklB_2qklA 90 121
4ki0B_4ki0F_1 193 256
4ki0B_4ki0F_2 193 256
2ox5D_2ox5C 110 102
4dc2Z_4dc2A 16 328
3rrlC_3rrlD 224 197
2g45A_2g45B 117 76
4x8kA_4x8kB 122 32
4lhqD_4lhqC 128 260
1om3M_1om3H 212 224
2cjsB_2cjsC 156 54
1lghA_1lghB 56 43
5aqbA_5aqbB_1 288 161
5aqbA_5aqbB_2 288 161
2o02P_2o02A 14 224
1spbP_1spbS 71 264
5cyzC_5cyzA_1 98 351
5cyzC_5cyzA_2 98 351
3zniM_3zniG_1 327 122
3zniM_3zniG_2 327 122
4fnkC_4fnkD_1 292 157
4fnkC_4fnkD_2 292 157
5v5gB_5v5gA 80 164
4yfbD_4yfbF_1 101 348
4yfbD_4yfbF_2 101 348
4yx7D_4yx7F 65 195
5mwnB_5mwnN 315 117
3dsnB_3dsnD 146 190
5aeuB_5aeuC_1 133 316
5aeuB_5aeuC_2 133 316
3tmpB_3tmpA 75 165
2ny4A_2ny4D_1 260 189
2ny4A_2ny4D_2 260 189
1wx5C_1wx5D 273 75
2p9iF_2p9iB 167 272
3vr4A_3vr4D_1 253 196
3vr4A_3vr4D_2 253 196
6ggrA_6ggrB 168 191
5mn2D_5mn2A 90 172
1skoB_1skoA 116 119
4l5fE_4l5fH 98 218
4r17W_4r17K 204 211
2wt7A_2wt7B 63 90
3pseB_3pseA 150 164
2pkaY_2pkaX 151 80
2i0sB_2i0sD_1 335 114
2i0sB_2i0sD_2 335 114
1ntmG_1ntmE 75 196
5odqC_5odqB_1 174 275
5odqC_5odqB_2 174 275
4cj2D_4cj2A 62 129
2giaD_2giaA 146 154
5bquB_5bquC 277 144
1pq1A_1pq1B 147 33
1zgxA_1zgxB 63 33
3koxC_3koxG_1 391 58
3koxC_3koxG_2 391 58
2fz3B_2fz3A 99 276
3vv2A_3vv2B 320 65
5wbxB_5wbxR 95 146
4ljpB_4ljpA 76 215
5ma9C_5ma9D_1 254 195
5ma9C_5ma9D_2 254 195
1us7A_1us7B 207 194
2h8pA_2h8pB 219 212
2zokD_2zokC 99 258
5fvkA_5fvkC 82 21
3so3A_3so3B_1 236 213
3so3A_3so3B_2 236 213
2v92B_2v92E 73 304
4lo2C_4lo2B 144 286
1t0rB_1t0rA_1 178 271
1t0rB_1t0rA_2 178 271
3qqbB_3qqbA_1 156 293
3qqbB_3qqbA_2 156 293
1fyhE_1fyhD 201 240
4i4tB_4i4tA_1 217 232
4i4tB_4i4tA_2 217 232
5dhvA_5dhvB 123 110
4gtmB_4gtmA_1 252 197
4gtmB_4gtmA_2 252 197
3lizA_3lizH_1 272 177
3lizA_3lizH_2 272 177
5e62D_5e62C_1 117 332
5e62D_5e62C_2 117 332
3oxuF_3oxuB 122 295
4xlgB_4xlgA 67 260
1eeyE_1eeyD 100 275
1xu1R_1xu1A 38 137
3dboA_3dboB 34 126
4gs7A_4gs7C 110 193
3d5rA_3d5rC 297 65
5aduM_5aduT_1 309 140
5aduM_5aduT_2 309 140
1dowA_1dowB 200 31
4xnqB_4xnqD 217 202
5f72T_5f72C_1 200 249
5f72T_5f72C_2 200 249
6fubB_6fubA 93 81
2za4C_2za4D 109 84
3qq8A_3qq8B 177 80
5eofA_5eofC 74 43
1d4xA_1d4xG_1 336 113
1d4xA_1d4xG_2 336 113
2nq2C_2nq2A_1 202 247
2nq2C_2nq2A_2 202 247
1ppfE_1ppfI 218 56
1fvcB_1fvcA 120 109
3woeB_3woeA 103 130
2q9qA_2q9qG 175 145
3ag4V_3ag4R 72 105
3bn3B_3bn3A 196 180
3vz9D_3vz9B 60 103
4qxtA_4qxtB 114 111
6h5eA_6h5eB_1 172 277
6h5eA_6h5eB_2 172 277
3u4eA_3u4eB 226 211
5m8gD_5m8gC_1 221 228
5m8gD_5m8gC_2 221 228
5v8wB_5v8wA 104 77
3lk4R_3lk4P 29 269
5t87H_5t87D 69 112
4eozD_4eozC 283 116
4h6sA_4h6sB 30 249
2c2zA_2c2zB 150 90
4qtuA_4qtuB 134 190
2p58C_2p58B 110 36
2nu2E_2nu2I 185 51
3fxeB_3fxeA 55 48
2j8xC_2j8xD 229 81
5ng1B_5ng1F_1 244 205
5ng1B_5ng1F_2 244 205
1yvnA_1yvnG_1 336 113
1yvnA_1yvnG_2 336 113
3q78A_3q78B_1 177 272
3q78A_3q78B_2 177 272
3h3bC_3h3bA 234 193
1nhgC_1nhgA 60 229
5nq3B_5nq3A 100 276
6gn8C_6gn8A 212 232
2vpzF_2vpzG 194 251
1fl5B_1fl5A 219 217
3byyA_3byyB 109 234
1svxB_1svxA_1 315 134
1svxB_1svxA_2 315 134
3akoA_3akoB 152 80
3phxB_3phxA 77 162
3rnqB_3rnqA 184 112
2p6bE_2p6bC 13 357
5g49B_5g49A 94 97
3l7zE_3l7zA_1 218 231
3l7zE_3l7zA_2 218 231
3mdyC_3mdyD 320 109
5lf7J_5lf7I 195 204
4gycB_4gycA 61 220
3favD_3favC 78 90
4cmmA_4cmmB 117 119
1ph5A_1ph5B_1 306 144
1ph5A_1ph5B_2 306 144
6bz9B_6bz9A 88 171
4niqD_4niqB 21 78
4mkvT_4mkvB_1 95 354
4mkvT_4mkvB_2 95 354
1axiB_1axiA 191 175
3cffS_3cffH 58 164
2v7qI_2v7qG 47 263
4tvsb_4tvsB 128 222
4n4nD_4n4nC_1 45 404
4n4nD_4n4nC_2 45 404
5oyjD_5oyjA 218 161
2p0wP_2p0wA 15 319
4m1lA_4m1lB 145 23
4a94C_4a94B 51 302
5kvdH_5kvdE 219 108
5uekH_5uekA 217 153
3d7wA_3d7wB_1 219 230
3d7wA_3d7wB_2 219 230
3t0yB_3t0yA 32 124
5l20A_5l20B 116 223
1mnmB_1mnmC 81 77
1hilB_1hilA 213 217
2eysA_2eysB 202 243
2d7cD_2d7cB 40 166
3aa7B_3aa7A_1 213 236
3aa7B_3aa7A_2 213 236
2kinA_2kinB 238 100
2w8bA_2w8bH_1 355 94
2w8bA_2w8bH_2 355 94
1e6yE_1e6yA_1 195 254
1e6yE_1e6yA_2 195 254
4w9cG_4w9cH 101 88
2ilnA_2ilnI 223 53
1jtgD_1jtgC 165 261
3edrB_3edrA 93 139
5x2mH_5x2mA_1 152 297
5x2mH_5x2mA_2 152 297
4ocmE_4ocmD 184 166
3zknB_3zknD_1 285 164
3zknB_3zknD_2 285 164
2vpzC_2vpzB 251 194
3gi9H_3gi9C_1 149 300
3gi9H_3gi9C_2 149 300
5cllC_5cllD 179 139
5cerA_5cerB_1 303 146
5cerA_5cerB_2 303 146
2ghwA_2ghwB 191 232
4mmsD_4mmsC 370 77
4h0mG_4h0mJ 162 171
5vk3B_5vk3A_1 283 166
5vk3B_5vk3A_2 283 166
2xshC_2xshD_1 317 132
2xshC_2xshD_2 317 132
5bw0E_5bw0F 163 91
1kgcE_1kgcD 241 201
4ffvD_4ffvB_1 100 349
4ffvD_4ffvB_2 100 349
5yprA_5yprB 267 16
3htuH_3htuG 36 75
3v4yH_3v4yG 43 297
3at5B_3at5A 146 141
4ontD_4ontB 126 292
2ny1C_2ny1D 214 223
1blxA_1blxB_1 295 154
1blxA_1blxB_2 295 154
5msmE_5msmD_1 112 337
5msmE_5msmD_2 112 337
5vtwE_5vtwF_1 292 157
5vtwE_5vtwF_2 292 157
2v52M_2v52B 30 360
2z0eB_2z0eA 118 315
5dc9A_5dc9B 100 94
2ejfB_2ejfD 227 69
5f8rA_5f8rC_1 354 95
5f8rA_5f8rC_2 354 95
2xxnA_2xxnB 143 15
1n0lD_1n0lC 105 212
1gzsB_1gzsA 165 178
3gmeA_3gmeD_1 431 18
3gmeA_3gmeD_2 431 18
6bxaA_6bxaC_1 313 136
6bxaA_6bxaC_2 313 136
4n7sC_4n7sD_1 346 103
4n7sC_4n7sD_2 346 103
4ajyH_4ajyV 14 148
5kerH_5kerG 146 140
2be6C_2be6F 137 22
4etqX_4etqA 228 217
1s9wB_1s9wA 100 274
4qy2I_4qy2J_1 290 159
4qy2I_4qy2J_2 290 159
2gykA_2gykB 83 130
1fl5A_1fl5B 217 219
1yq3B_1yq3C 242 140
1bxrB_1bxrA_1 117 332
1bxrB_1bxrA_2 117 332
2gkvE_2gkvA 185 51
5cgyD_5cgyC 212 222
4hfkD_4hfkC 97 160
2cdrB_2cdrA 103 147
4g9sA_4g9sB 187 111
4w9fC_4w9fK 140 86
5xyfB_5xyfA 23 188
4w50E_4w50A 12 177
3zdfB_3zdfC 338 21
4s0uC_4s0uB 175 126
5excA_5excI 59 164
1aokA_1aokB 122 122
4m70J_4m70L 89 112
5yanD_5yanE 24 25
2f9zD_2f9zB 154 190
3bytB_3bytA 232 109
5k8aE_5k8aF 213 222
5ojrB_5ojrF 310 17
2e0xD_2e0xC_1 150 299
2e0xD_2e0xC_2 150 299
3qcuI_3qcuM 218 218
5zcoV_5zcoO 72 226
5uxxB_5uxxA 46 156
5gs1O_5gs1P 106 118
1fv1B_1fv1C 190 20
2q1zD_2q1zC 181 164
3c4mC_3c4mA_1 18 431
3c4mC_3c4mA_2 18 431
4xb6D_4xb6B_1 265 184
4xb6D_4xb6B_2 265 184
5ls7D_5ls7B 100 128
3hkiE_3hkiD 251 40
4ggfA_4ggfC 89 108
4i6nC_4i6nD 213 74
4hdqA_4hdqB_1 294 155
4hdqA_4hdqB_2 294 155
3rlfB_3rlfF_1 193 256
3rlfB_3rlfF_2 193 256
2xjyB_2xjyA 35 131
3utzF_3utzE 213 212
2vk0A_2vk0B 21 28
2p5eB_2p5eA 100 276
1gpqC_1gpqB 127 128
5d7jB_5d7jA 240 200
3vsjB_3vsjA_1 237 212
3vsjB_3vsjA_2 237 212
5ja4B_5ja4D 89 149
6ayzC_6ayzR 213 221
1tawA_1tawB 223 54
5vzwC_5vzwB 78 146
4f7uP_4f7uA 116 82
1zba3_1zba2 221 207
5tvoB_5tvoA 59 254
2a5tB_2a5tA_1 227 222
2a5tB_2a5tA_2 227 222
2wo2B_2wo2A 136 178
2a9kA_2a9kB 170 207
4hi9B_4hi9A 72 168
1kfeB_1kfeA_1 274 175
1kfeB_1kfeA_2 274 175
6bc0A_6bc0F 131 179
1icfB_1icfA 42 175
1f2tB_1f2tA 143 145
3bevC_3bevA 11 274
4dncA_4dncE 271 46
5ch7A_5ch7B_1 328 121
5ch7A_5ch7B_2 328 121
2j9uB_2j9uA 47 94
2nu1E_2nu1I 185 51
2i5nM_2i5nC_1 221 228
2i5nM_2i5nC_2 221 228
5eb1B_5eb1A 124 147
1ai5B_1ai5A_1 328 121
1ai5B_1ai5A_2 328 121
2hqwA_2hqwB 138 22
3o3nD_3o3nC_1 217 232
3o3nD_3o3nC_2 217 232
5jlvC_5jlvA_1 83 366
5jlvC_5jlvA_2 83 366
2rd7C_2rd7A_1 146 303
2rd7C_2rd7A_2 146 303
5jwoA_5jwoB 217 88
5jqiG_5jqiH 12 276
2c7nH_2c7nG 73 55
1q95D_1q95J_1 301 148
1q95D_1q95J_2 301 148
6e47G_6e47B 112 302
3pdiB_3pdiA_1 226 223
3pdiB_3pdiA_2 226 223
4ntqA_4ntqB 75 142
1k3bB_1k3bC 164 69
1tueL_1tueK 193 192
4dh5A_4dh5I 333 20
5dhvB_5dhvA 110 123
3gcgB_3gcgA 152 173
4b2bB_4b2bA 71 223
3hpwC_3hpwB 33 101
1w88H_1w88G_1 220 229
1w88H_1w88G_2 220 229
4kskA_4kskD 260 75
2zpkM_2zpkI 209 206
5tp1B_5tp1Q 150 21
1p2cB_1p2cC 210 129
5e3eC_5e3eD 92 112
5uwqB_5uwqA 128 206
1i51F_1i51D 18 92
6ggrB_6ggrA 191 168
5vjqI_5vjqA 129 208
5okcB_5okcF_1 335 114
5okcB_5okcF_2 335 114
4q5hA_4q5hB 169 76
2r36C_2r36D 22 30
2a42B_2a42A_1 186 263
2a42B_2a42A_2 186 263
4ov5N_4ov5M 185 179
4p1nD_4p1nB 53 207
2zpbB_2zpbA 211 195
2dwzD_2dwzC 73 226
4yo0C_4yo0F 198 11
5eu6A_5eu6E_1 238 211
5eu6A_5eu6E_2 238 211
5ep6D_5ep6A 46 36
3mc0D_3mc0C 227 109
1ffvE_1ffvD_1 376 73
1ffvE_1ffvD_2 376 73
3vsjA_3vsjB_1 212 237
3vsjA_3vsjB_2 212 237
2h9gB_2h9gA 215 211
5djtA_5djtB 144 59
3bpqC_3bpqD 39 86
3lqvQ_3lqvB 37 115
1lq8F_1lq8E 28 329
4nwpE_4nwpC 118 140
3n7sA_3n7sD 94 84
4b0mM_4b0mA 212 131
1u28A_1u28C_1 308 141
1u28A_1u28C_2 308 141
4lloA_4lloB 173 121
2v4jF_2v4jD_1 85 364
2v4jF_2v4jD_2 85 364
4uzzB_4uzzA 65 108
4wn9B_4wn9C_1 211 238
4wn9B_4wn9C_2 211 238
1t6gA_1t6gC_1 301 148
1t6gA_1t6gC_2 301 148
4p78C_4p78B 66 86
3dswB_3dswA_1 229 220
3dswB_3dswA_2 229 220
5hxgB_5hxgA 65 211
4ytwD_4ytwC 169 72
4yesB_4yesA 252 29
3ocdD_3ocdC 180 229
6bg4E_6bg4A 92 141
3lvjC_3lvjA_1 75 374
3lvjC_3lvjA_2 75 374
1a4jB_1a4jA 217 217
2z3qA_2z3qB 114 81
2f53D_2f53E 193 243
3dvkA_3dvkB 143 23
1guxA_1guxB 177 141
1ngxB_1ngxA 216 213
4jdvA_4jdvB 227 208
5v8zD_5v8zC 27 98
2wnvF_2wnvE 129 130
1pp9C_1pp9D_1 271 178
1pp9C_1pp9D_2 271 178
4n78F_4n78D 156 202
5mn0B_5mn0A_1 275 174
5mn0B_5mn0A_2 275 174
2xsoA_2xsoB_1 316 133
2xsoA_2xsoB_2 316 133
4z0xB_4z0xA 121 105
5jrdL_5jrdS_1 309 140
5jrdL_5jrdS_2 309 140
3fjuB_3fjuA 65 307
5f1kB_5f1kD 237 123
3dz7A_3dz7B 242 61
4afsA_4afsC 226 61
3wryA_3wryC_1 219 230
3wryA_3wryC_2 219 230
5eyaF_5eyaA 76 149
2rh9B_2rh9A_1 273 176
2rh9B_2rh9A_2 273 176
4belE_4belB_1 108 341
4belE_4belB_2 108 341
5y9jH_5y9jA 218 144
5c5rA_5c5rC 161 48
4oi4D_4oi4C_1 23 426
4oi4D_4oi4C_2 23 426
5y3tB_5y3tA 157 135
5ldaA_5ldaB 126 56
4nbgE_4nbgB_1 100 349
4nbgE_4nbgB_2 100 349
1kk8B_1kk8A_1 67 382
1kk8B_1kk8A_2 67 382
2zyzA_2zyzD 93 183
5b66C_5b66A_1 258 191
5b66C_5b66A_2 258 191
5b66U_5b66C_1 79 370
5b66U_5b66C_2 79 370
5vx0A_5vx0B 169 24
2vwfB_2vwfA 14 56
3l95H_3l95Y 219 215
4nzrL_4nzrM_1 159 290
4nzrL_4nzrM_2 159 290
1j05B_1j05A 121 111
1ejmC_1ejmD 223 58
4yr6A_4yr6E 215 211
5jczB_5jczA_1 305 144
5jczB_5jczA_2 305 144
1uj3B_1uj3C 217 205
4cs0A_4cs0B 126 127
4q4y2_4q4y4 264 57
1ma9B_1ma9A_1 200 249
1ma9B_1ma9A_2 200 249
5t5iL_5t5iJ_1 104 345
5t5iL_5t5iJ_2 104 345
2vm6A_2vm6B 144 25
3ndyE_3ndyC 107 341
5griB_5griA_1 229 220
5griB_5griA_2 229 220
2aq1B_2aq1A 234 109
3wfeC_3wfeB_1 108 341
3wfeC_3wfeB_2 108 341
5n3uA_5n3uB 266 170
5tcjD_5tcjC_1 277 172
5tcjD_5tcjC_2 277 172
6fudA_6fudB 77 81
4w6yA_4w6yB 146 128
5kswB_5kswA_1 207 242
5kswB_5kswA_2 207 242
5teyA_5teyB 205 241
5n7uB_5n7uA 13 350
5ch7B_5ch7A_1 121 328
5ch7B_5ch7A_2 121 328
4i50B_4i50A_1 221 228
4i50B_4i50A_2 221 228
4eozC_4eozD 116 283
2fyuI_2fyuA_1 50 399
2fyuI_2fyuA_2 50 399
2a6qE_2a6qA 84 86
5nvmB_5nvmA 37 176
3qjfC_3qjfD 193 239
3c0rD_3c0rC 75 171
3e33B_3e33A_1 250 199
3e33B_3e33A_2 250 199
5eofC_5eofB 43 74
5f22A_5f22B 79 115
2gu8A_2gu8C 335 20
5ub5A_5ub5B 356 40
3ci0J_3ci0I 146 81
4qfqA_4qfqB 101 35
4s0uA_4s0uC 124 175
5nvlB_5nvlC 69 156
3vhlB_3vhlA 178 264
2yleA_2yleB 171 21
1oarI_1oarM 88 103
4g2vB_4g2vA 17 321
1b5fC_1b5fD 237 87
5lsfC_5lsfA_1 238 211
5lsfC_5lsfA_2 238 211
4hffB_4hffA 99 152
2gzgA_2gzgB 83 132
3veqB_3veqA 223 175
4yhiB_4yhiA 219 222
4dh2B_4dh2A 72 158
1uhdA_1uhdB 95 24
3n9uB_3n9uC 201 96
1unlA_1unlD 292 150
6at5A_6at5C 275 13
5nwgI_5nwgB 47 162
5oarD_5oarC_1 392 57
5oarD_5oarC_2 392 57
4u0rA_4u0rB_1 254 195
4u0rA_4u0rB_2 254 195
2ec9L_2ec9U 132 116
4f8cB_4f8cA 74 249
2pxyB_2pxyA 111 114
6fc1A_6fc1B 181 64
6fc2C_6fc2D 177 60
3pc8A_3pc8C 97 77
1fs0E_1fs0G 128 219
4oniA_4oniC 241 16
2ot3A_2ot3B 253 157
4orzA_4orzB 56 117
4z9oB_4z9oA_1 160 289
4z9oB_4z9oA_2 160 289
3p0yA_3p0yH 194 217
1y8qA_1y8qB_1 171 278
1y8qA_1y8qB_2 171 278
1sc4B_1sc4A 80 166
1xmgE_1xmgC_1 134 315
1xmgE_1xmgC_2 134 315
2hj9C_2hj9A_1 172 277
2hj9C_2hj9A_2 172 277
6c90B_6c90A_1 25 424
6c90B_6c90A_2 25 424
3vrdA_3vrdB_1 136 313
3vrdA_3vrdB_2 136 313
5bs8B_5bs8C_1 150 299
5bs8B_5bs8C_2 150 299
4xlgA_4xlgB 260 67
4dgeB_4dgeD 164 145
2erhA_2erhB 87 127
3pxwC_3pxwD_1 111 338
3pxwC_3pxwD_2 111 338
5nx3D_5nx3B 42 13
5abyF_5abyE 39 178
5bnnC_5bnnB_1 229 220
5bnnC_5bnnB_2 229 220
5oyaO_5oyaH_1 104 345
5oyaO_5oyaH_2 104 345
5bnpB_5bnpD 237 39
5eibF_5eibD 15 430
1csoE_1csoI 185 51
2h4yB_2h4yA 87 163
6ffaB_6ffaA 77 156
3lk45_3lk44_1 210 239
3lk45_3lk44_2 210 239
5n88A_5n88D 126 79
2vt1B_2vt1A 81 21
4y99C_4y99B 126 74
5mzwC_5mzwD_1 235 214
5mzwC_5mzwD_2 235 214
3rrlB_3rrlA 197 227
4q2uN_4q2uM 88 82
6atvM_6atvA 13 58
5i4qA_5i4qB 86 103
4d9rE_4d9rD 216 213
5myxD_5myxF 207 15
3kf8B_3kf8C 121 193
1o97D_1o97C_1 250 199
1o97D_1o97C_2 250 199
5wxkB_5wxkA 66 375
3zksD_3zksA_1 106 343
3zksD_3zksA_2 106 343
4n7sD_4n7sC_1 103 346
4n7sD_4n7sC_2 103 346
4onnA_4onnB 140 149
5wrvB_5wrvA 154 23
4uv7H_4uv7A_1 120 329
4uv7H_4uv7A_2 120 329
2pyoG_2pyoH 109 95
4y5oB_4y5oA 103 78
3u7yG_3u7yH_1 272 177
3u7yG_3u7yH_2 272 177
3vzaA_3vzaC 98 62
5eljA_5eljB 90 75
3zeuD_3zeuE_1 182 267
3zeuD_3zeuE_2 182 267
2efcB_2efcA 165 246
5xcuE_5xcuD 157 164
4pw9B_4pw9A 83 363
2x7rB_2x7rA 43 39
2nqoD_2nqoC_1 156 293
2nqoD_2nqoC_2 156 293
1i2mC_1i2mB_1 133 316
1i2mC_1i2mB_2 133 316
1yk0E_1yk0A 21 394
5fqdB_5fqdC_1 254 196
5fqdB_5fqdC_2 254 196
4u96A_4u96E_1 392 57
4u96A_4u96E_2 392 57
4az3B_4az3A 155 259
3ixsJ_3ixsI 30 95
1p2cC_1p2cB 129 210
5o3uN_5o3uC_1 10 439
5o3uN_5o3uC_2 10 439
4y99B_4y99C 74 126
2ghwD_2ghwC 231 188
4lx3B_4lx3A 35 98
1pxvA_1pxvC 183 111
5l04B_5l04A_1 33 416
5l04B_5l04A_2 33 416
1pidD_1pidC 25 21
5c0cI_5c0cJ 199 247
3k2mB_3k2mC 97 101
5vmoB_5vmoA 24 115
4rgoH_4rgoS 213 225
5m45D_5m45F_1 369 80
5m45D_5m45F_2 369 80
3pnwK_3pnwL 218 54
6fdkB_6fdkA 75 242
5xw1B_5xw1A 98 125
4crwB_4crwA 158 226
6ba5B_6ba5A 113 110
5x6vB_5x6vE 125 108
5d7iF_5d7iE 243 200
2v7nF_2v7nE 212 213
5oc7A_5oc7C 111 92
4olzG_4olzH_1 270 179
4olzG_4olzH_2 270 179
3dcgE_3dcgD 17 86
2ij0A_2ij0E 191 118
2j7aH_2j7aI_1 348 101
2j7aH_2j7aI_2 348 101
4kdiD_4kdiB 75 166
5f9oG_5f9oH_1 273 176
5f9oG_5f9oH_2 273 176
4ml7D_4ml7C 98 130
5lsfA_5lsfC_1 211 238
5lsfA_5lsfC_2 211 238
4mlfB_4mlfD 257 61
4cddB_4cddC 162 68
5c50A_5c50B 198 185
1d5xC_1d5xA 223 179
4c92F_4c92C 77 79
3e90B_3e90A 173 47
2x89E_2x89C 91 128
5jwoB_5jwoA 88 217
2a74F_2a74E_1 278 171
2a74F_2a74E_2 278 171
5cbpB_5cbpA 127 182
5ojwA_5ojwB 152 137
5lryM_5lryT_1 309 140
5lryM_5lryT_2 309 140
5dynB_5dynA 245 118
2z7fE_2z7fI 218 50
3ml1B_3ml1A_1 54 395
3ml1B_3ml1A_2 54 395
2icwJ_2icwI 113 110
5jo5F_5jo5E 212 220
4ilwF_4ilwB 159 182
3s35X_3s35L 112 217
2g3dB_2g3dA 165 65
5nbtB_5nbtA 65 146
1tk5A_1tk5B_1 389 60
1tk5A_1tk5B_2 389 60
2gziA_2gziB 83 132
4qxtB_4qxtA 111 114
3d2uB_3d2uD 99 182
5xocB_5xocA 133 194
2v9tA_2v9tB 107 210
4wb6A_4wb6I 336 19
2wdtA_2wdtD 204 75
2hl5B_2hl5D 59 76
5xlzD_5xlzE_1 349 100
5xlzD_5xlzE_2 349 100
3mm6A_3mm6B_1 240 209
3mm6A_3mm6B_2 240 209
3u30D_3u30F 145 218
1spbS_1spbP 264 71
3ayhB_3ayhA 183 134
3qxeD_3qxeC 219 199
2z93D_2z93C 184 201
2qkiC_2qkiA_1 142 307
2qkiC_2qkiA_2 142 307
2xn9E_2xn9C 188 215
3qxeA_3qxeB 199 219
5wqlA_5wqlC_1 132 317
5wqlA_5wqlC_2 132 317
6co2C_6co2B 118 180
3hugI_3hugJ 77 64
1jrrA_1jrrP 357 14
5h6vB_5h6vA 155 38
4jj5B_4jj5A 217 178
5d50A_5d50E 171 74
5excO_5excG 165 58
1zr0D_1zr0C 62 223
2trsB_2trsA_1 268 181
2trsB_2trsA_2 268 181
1xtcA_1xtcC 192 45
5bw0H_5bw0G 81 159
4imkC_4imkB 213 230
5l6mG_5l6mD 127 71
4q5eB_4q5eA 76 168
2brqB_2brqD 94 14
1ltgC_1ltgE 41 103
3o2qD_3o2qE_1 278 171
3o2qD_3o2qE_2 278 171
5mtjB_5mtjA 96 109
4o4hB_4o4hA_1 221 228
4o4hB_4o4hA_2 221 228
3c4pB_3c4pA 165 265
2bmqA_2bmqB_1 311 138
2bmqA_2bmqB_2 311 138
4afqD_4afqB 58 221
4h2xA_4h2xD 293 75
4txoH_4txoG 152 176
5ov7D_5ov7C_1 220 229
5ov7D_5ov7C_2 220 229
4omfG_4omfB_1 203 246
4omfG_4omfB_2 203 246
2g2uB_2g2uA 165 265
1r4aH_1r4aD 51 165
4k5bA_4k5bD 156 144
2cklB_2cklA 96 98
3kr3D_3kr3H 60 218
4crwA_4crwB 226 158
5z78C_5z78A 121 199
1m9yB_1m9yC 164 146
5gz0A_5gz0B 213 221
6mggA_6mggB_1 193 256
6mggA_6mggB_2 193 256
1nhwB_1nhwD 229 60
5by8B_5by8A 85 231
5madG_5madH 160 228
5tcgH_5tcgG_1 277 172
5tcgH_5tcgG_2 277 172
4mk0A_4mk0B_1 292 157
4mk0A_4mk0B_2 292 157
1unnD_1unnA_1 105 344
1unnD_1unnA_2 105 344
3t6qB_3t6qD_1 365 84
3t6qB_3t6qD_2 365 84
2cklA_2cklB 98 96
6az2A_6az2F 213 211
2znvA_2znvB 172 76
3f02B_3f02D 327 37
4ch2C_4ch2D 29 251
5jo5E_5jo5F 220 212
4x8jB_4x8jA 214 199
2pqrB_2pqrD 124 45
4n1eE_4n1eK 106 127
5jbtA_5jbtY 224 38
3zeuB_3zeuA_1 267 182
3zeuB_3zeuA_2 267 182
6f3zB_6f3zA 188 230
5n1dA_5n1dB 348 18
4l0vD_4l0vB 47 162
4cw7H_4cw7G 122 180
4xvuK_4xvuL 216 216
5akoA_5akoC 74 153
4zi3B_4zi3D 170 128
4khaA_4khaB_1 358 91
4khaA_4khaB_2 358 91
2qjyA_2qjyB_1 281 168
2qjyA_2qjyB_2 281 168
3l33F_3l33B 52 224
1wrzB_1wrzA 19 147
4eqaB_4eqaD 146 150
5ca1B_5ca1A_1 222 227
5ca1B_5ca1A_2 222 227
4i9xB_4i9xC 182 103
3k7uC_3k7uA 98 119
1loaE_1loaF 180 47
4wv1E_4wv1F 224 98
4oemB_4oemA 68 280
4nrzB_4nrzA 212 222
2xv6D_2xv6C 113 68
6fhpC_6fhpA 59 342
5difA_5difB 209 130
4bahA_4bahB 30 253
3useL_3useS_1 307 142
3useL_3useS_2 307 142
3o0gA_3o0gD 289 149
6b9mD_6b9mA 17 150
5vayH_5vayD 20 136
3mi9B_3mi9C 247 49
2q1zA_2q1zB 176 185
3gzxB_3gzxA_1 133 316
3gzxB_3gzxA_2 133 316
1or7B_1or7F 164 64
3wtsG_3wtsF 129 118
1ungB_1ungE 269 148
3b9jI_3b9jK_1 80 369
3b9jI_3b9jK_2 80 369
1ppjU_1ppjQ 66 241
3bzvA_3bzvB 24 80
4upvR_4upvB_1 303 146
4upvR_4upvB_2 303 146
2wptA_2wptB 82 113
2otuD_2otuC 118 115
1gzsA_1gzsB 178 165
5vgbB_5vgbA 85 140
3utmB_3utmC 307 32
5wlbB_5wlbA 34 159
1ydrE_1ydrI 334 20
2wayD_2wayC 30 152
6b8lD_6b8lC 145 70
5ws6y_5ws6z 29 62
1e6yA_1e6yE_1 254 195
1e6yA_1e6yE_2 254 195
5mvzU_5mvzH 136 221
5m7gB_5m7gE_1 348 101
5m7gB_5m7gE_2 348 101
3c00A_3c00B 19 83
6b9yB_6b9yA 223 214
5aqbB_5aqbA_1 161 288
5aqbB_5aqbA_2 161 288
2q8bH_2q8bA_1 182 267
2q8bH_2q8bA_2 182 267
1pytC_1pytA 248 94
2ds2C_2ds2D 28 68
2z93B_2z93A 80 81
3bj1A_3bj1D 142 145
4khbG_4khbH 106 168
3dz5A_3dz5B 244 55
5bjzD_5bjzB_1 174 275
5bjzD_5bjzB_2 174 275
4n0hA_4n0hF_1 351 98
4n0hA_4n0hF_2 351 98
5ov7B_5ov7A_1 220 229
5ov7B_5ov7A_2 220 229
4aorE_4aorB 34 223
1o1mD_1o1mA 146 282
2gh0B_2gh0D 199 99
3woeA_3woeB 130 103
4lszF_4lszC 154 141
2hfeD_2hfeC 43 57
3eggC_3eggA_1 158 291
3eggC_3eggA_2 158 291
1xkpB_1xkpC 119 121
3axkT_3axkB_1 97 352
3axkT_3axkB_2 97 352
5ur8A_5ur8B 229 215
5gqqA_5gqqC 178 170
6cdoB_6cdoA 219 230
4qhuD_4qhuA 100 209
5vh4B_5vh4A 213 220
5jshA_5jshB_1 166 283
5jshA_5jshB_2 166 283
4rljB_4rljA 147 144
2w65D_2w65C 217 211
5dmkC_5dmkD 173 186
3lw8F_3lw8A 181 185
5z1gC_5z1gB 99 212
3durC_3durD 112 120
4tuyB_4tuyC_1 220 229
4tuyB_4tuyC_2 220 229
3wryD_3wryB_1 227 222
3wryD_3wryB_2 227 222
4xb6F_4xb6H_1 183 266
4xb6F_4xb6H_2 183 266
1uhdB_1uhdA 24 95
5drnA_5drnB 215 215
5djdA_5djdC 208 13
5ksvC_5ksvA 12 180
3edxE_3edxF 39 256
4cayC_4cayB 23 92
5fvkC_5fvkA 21 82
5d7jA_5d7jE_1 193 256
5d7jA_5d7jE_2 193 256
3ckiA_3ckiB 256 121
1k7xB_1k7xA_1 272 177
1k7xB_1k7xA_2 272 177
3ejjX_3ejjA 272 148
2a52A_2a52B 64 167
4j6gD_4j6gB 162 139
1cs0G_1cs0H_1 331 118
1cs0G_1cs0H_2 331 118
1nmdG_1nmdA_1 114 335
1nmdG_1nmdA_2 114 335
3qc8B_3qc8A 80 170
5t47D_5t47C 56 170
1nvpB_1nvpD 43 97
5a53B_5a53A 22 65
1rewB_1rewD 103 89
5vxzA_5vxzC_1 353 96
5vxzA_5vxzC_2 353 96
3kikD_3kikH 92 28
2pm7B_2pm7A_1 201 248
2pm7B_2pm7A_2 201 248
4kh1A_4kh1B_1 305 144
4kh1A_4kh1B_2 305 144
5m7eB_5m7eA_1 221 228
5m7eB_5m7eA_2 221 228
4ei6D_4ei6C 241 189
3oa8C_3oa8D 228 180
1t6oB_1t6oA 19 49
3q3jA_3q3jB 102 175
5jktC_5jktA 51 220
3u43B_3u43A 132 92
4yiiA_4yiiU 72 145
6blxA_6blxB 182 197
4aydA_4aydD 123 243
4om0G_4om0H_1 270 179
4om0G_4om0H_2 270 179
5ky7B_5ky7A 38 347
4bqdB_4bqdD 65 19
3if1A_3if1B 215 210
2a06C_2a06F_1 353 96
2a06C_2a06F_2 353 96
5mn2A_5mn2D 172 90
1yarJ_1yarC 203 221
2j3wB_2j3wA 168 142
3c7uD_3c7uC 165 263
5mdjS_5mdjL_1 136 313
5mdjS_5mdjL_2 136 313
5nspD_5nspB 47 162
2wmpA_2wmpB 216 123
5uekA_5uekH 153 217
1bouA_1bouB 132 298
5eiiA_5eiiI 220 116
4j4lD_4j4lB 166 251
5l6nH_5l6nI 254 22
2f4mA_2f4mB 295 61
3zs9A_3zs9D 293 35
3ru8X_3ru8H_1 249 200
3ru8X_3ru8H_2 249 200
4ap4A_4ap4F 129 77
4yxcB_4yxcA 167 182
5xlfS_5xlfL_1 149 300
5xlfS_5xlfL_2 149 300
4k1rA_4k1rB 189 77
5d8aA_5d8aB 190 207
6g11B_6g11C 73 82
3r6lC_3r6lD 160 98
3prpC_3prpD 161 75
5wwoA_5wwoC 261 46
3fdsA_3fdsC_1 263 186
3fdsA_3fdsC_2 263 186
5hggB_5hggS 245 128
4yiqB_4yiqA 107 107
3rnkA_3rnkB 112 104
3qh3A_3qh3B 194 245
3s35H_3s35X 211 112
3zkqA_3zkqD_1 346 103
3zkqA_3zkqD_2 346 103
4zh1B_4zh1F 292 104
1bndA_1bndB 109 108
2xppA_2xppB 137 24
4xklC_4xklD 78 31
5mt3F_5mt3E 26 20
4l31D_4l31B 47 162
3bgoP_3bgoS 71 263
5jqgD_5jqgC_1 219 230
5jqgD_5jqgC_2 219 230
3tm7D_3tm7C 101 24
1jzdB_1jzdC 214 118
5vbnE_5vbnF_1 348 101
5vbnE_5vbnF_2 348 101
3cx5G_3cx5C_1 110 339
3cx5G_3cx5C_2 110 339
4zneE_4zneA_1 211 238
4zneE_4zneA_2 211 238
5f3bC_5f3bA 106 218
1l4dB_1l4dA 112 249
6bwvE_6bwvB 135 143
2rawB_2rawA 56 137
3qq8B_3qq8A 80 177
3znhB_3znhA 75 153
6et3A_6et3B_1 238 211
6et3A_6et3B_2 238 211
4yooX_4yooA 17 343
3m18A_3m18B 245 127
5od8A_5od8B 230 213
4bxoA_4bxoB 202 196
3lk2B_3lk2T 242 33
4i9xC_4i9xB 103 182
1xgtA_1xgtB 215 210
5tbdG_5tbdD 112 113
5or7A_5or7C 297 111
6dwcB_6dwcA 212 217
4yhiA_4yhiB 222 219
3pv6B_3pv6A 112 214
4om1G_4om1H_1 271 178
4om1G_4om1H_2 271 178
5mrvC_5mrvA 53 307
5j13A_5j13C 109 209
3gs2D_3gs2C 29 108
2nw2B_2nw2A 243 197
4c5gA_4c5gB_1 421 28
4c5gA_4c5gB_2 421 28
3myrH_3myrG_1 304 145
3myrH_3myrG_2 304 145
4zi2D_4zi2B 125 174
1uzxB_1uzxA 75 135
3d1mB_3d1mC 150 87
5wvoD_5wvoA 19 76
1tafB_1tafA 70 68
4lqwD_4lqwA 141 169
3znhA_3znhB 153 75
3vyhB_3vyhA 226 201
5w0dB_5w0dC 235 202
43c9D_43c9C 118 112
4ww9A_4ww9B 238 177
3m1vF_3m1vE_1 160 289
3m1vF_3m1vE_2 160 289
1go3M_1go3N 174 106
4djdE_4djdF_1 259 190
4djdE_4djdF_2 259 190
5imoA_5imoB 119 125
2eijQ_2eijR 144 105
6bxqC_6bxqB 100 276
5vz1D_5vz1C 214 196
3kmzA_3kmzD 221 18
5ma8D_5ma8C 224 158
4u5wD_4u5wC 160 111
5my6B_5my6A_1 77 372
5my6B_5my6A_2 77 372
4geqB_4geqA 58 89
5tw5B_5tw5A 96 273
5efqA_5efqB_1 256 193
5efqA_5efqB_2 256 193
1wt5A_1wt5C 115 111
5nt0D_5nt0B 47 162
4x2oB_4x2oA 175 179
1e4xI_1e4xM 216 214
4hkkD_4hkkC 47 162
2qhoB_2qhoA 47 72
2ql7B_2ql7A 92 140
4w78F_4w78E 127 165
4pkhD_4pkhE_1 334 115
4pkhD_4pkhE_2 334 115
3tnnC_3tnnD 210 210
1o1lD_1o1lA 146 283
5ajnA_5ajnP_1 435 14
5ajnA_5ajnP_2 435 14
5n3uB_5n3uA 170 266
2h4pB_2h4pA 33 350
5w3mB_5w3mD 236 37
5b4pC_5b4pD 260 72
5aiuC_5aiuB 76 150
5b6cB_5b6cA 11 174
4b1uB_4b1uM 349 30
3a5nS_3a5nC_1 114 335
3a5nS_3a5nC_2 114 335
3onlC_3onlA 95 140
2dd4K_2dd4L 152 216
3rycB_3rycC_1 225 224
3rycB_3rycC_2 225 224
3b1jD_3b1jB 23 338
5tdpD_5tdpC 214 213
4lgrB_4lgrA 122 253
1fr2A_1fr2B 83 131
5xodA_5xodB 193 22
4gxbA_4gxbB 263 15
5vtzE_5vtzF_1 292 157
5vtzE_5vtzF_2 292 157
4owtC_4owtA_1 35 414
4owtC_4owtA_2 35 414
1fz2E_1fz2C_1 135 314
1fz2E_1fz2C_2 135 314
4b2bC_4b2bD 223 71
5eu0B_5eu0A 55 213
1l2wK_1l2wE 55 117
4ne3B_4ne3A 73 91
1gvnB_1gvnA 273 88
5u6qB_5u6qG 195 239
1ucyK_1ucyJ 256 36
2zzdE_2zzdF 151 216
3uzqB_3uzqA 95 234
2kinB_2kinA 100 238
4ds7H_4ds7C 44 143
2r40A_2r40D_1 227 222
2r40A_2r40D_2 227 222
3aujE_3aujL_1 110 339
3aujE_3aujL_2 110 339
5ybvC_5ybvA 15 244
3lf4B_3lf4A 159 62
1t0sA_1t0sB_1 271 178
1t0sA_1t0sB_2 271 178
5dwzF_5dwzE_1 247 202
5dwzF_5dwzE_2 247 202
2xg4B_2xg4A 149 217
4f0mA_4f0mB_1 343 106
4f0mA_4f0mB_2 343 106
4ucwC_4ucwS_1 145 304
4ucwC_4ucwS_2 145 304
1sr4A_1sr4B 167 258
4zp4C_4zp4D_1 212 237
4zp4C_4zp4D_2 212 237
4mqjF_4mqjC 146 141
5m0uA_5m0uB 346 20
6banA_6banB 111 113
5e8eB_5e8eH_1 210 239
5e8eB_5e8eH_2 210 239
3c0tA_3c0tB 201 23
4yr8H_4yr8F 143 300
6mggB_6mggA_1 256 193
6mggB_6mggA_2 256 193
4qttB_4qttA 174 132
3n3aC_3n3aB 131 282
5djuD_5djuC 55 145
5c4iA_5c4iC_1 251 198
5c4iA_5c4iC_2 251 198
3jzaA_3jzaB 168 193
5imoB_5imoA 125 119
2w2nA_2w2nP 273 93
5jffA_5jffB 188 51
2zfoC_2zfoB 147 142
2vrwB_2vrwA_1 303 146
2vrwB_2vrwA_2 303 146
5m2iE_5m2iJ 146 121
3vrdB_3vrdA_1 313 136
3vrdB_3vrdA_2 313 136
3h9rA_3h9rB 312 107
3azgE_3azgF 99 84
3ufxA_3ufxB_1 194 255
3ufxA_3ufxB_2 194 255
1vf6A_1vf6C 58 51
5b1lE_5b1lF 97 84
3if1D_3if1C 210 215
5nquB_5nquA_1 223 226
5nquB_5nquA_2 223 226
5ooyF_5ooyE 129 156
3v9rD_3v9rC 67 85
1dqjC_1dqjB 129 210
1bouD_1bouC 298 132
5v1aB_5v1aA 26 98
2xg4A_2xg4B 217 149
3l3tG_3l3tC 57 224
4m62I_4m62M 125 113
1m56C_1m56A_1 146 303
1m56C_1m56A_2 146 303
5y3tA_5y3tB 135 157
2ybvJ_2ybvI_1 87 362
2ybvJ_2ybvI_2 87 362
4i6nD_4i6nC 74 213
4gxvM_4gxvI 212 226
2czvC_2czvB 118 206
5n9zL_5n9zG_1 102 347
5n9zL_5n9zG_2 102 347
3u4lA_3u4lP_1 322 127
3u4lA_3u4lP_2 322 127
3aa0A_3aa0B_1 236 213
3aa0A_3aa0B_2 236 213
5l23A_5l23B 58 15
5i59B_5i59A_1 230 219
5i59B_5i59A_2 230 219
2b2xA_2b2xH 188 210
4ysxG_4ysxH 155 129
2vyrB_2vyrF 86 124
4xkfC_4xkfD_1 293 156
4xkfC_4xkfD_2 293 156
4z9oA_4z9oB_1 289 160
4z9oA_4z9oB_2 289 160
1dgwY_1dgwX 92 76
4l2fD_4l2fB 47 162
1oryA_1oryB 119 40
3k1rB_3k1rA 74 192
4i77Z_4i77H 97 219
1uzxA_1uzxB 135 75
5h8hB_5h8hA_1 227 222
5h8hB_5h8hA_2 227 222
5g5hB_5g5hA_1 290 159
5g5hB_5g5hA_2 290 159
5vebX_5vebA 105 221
3omiC_3omiD_1 303 146
3omiC_3omiD_2 303 146
2xcfD_2xcfB 16 153
4mvlA_4mvlE 173 11
5v5gD_5v5gC 80 164
1g65P_1g65O_1 222 227
1g65P_1g65O_2 222 227
6fr7A_6fr7B 203 241
4p5mF_4p5mE 190 180
5br6B_5br6A_1 154 295
5br6B_5br6A_2 154 295
5ur8B_5ur8A 215 229
2wyeA_2wyeB_1 103 346
2wyeA_2wyeB_2 103 346
2hueC_2hueB 82 75
4nqxB_4nqxA 100 274
4ufrD_4ufrC_1 81 368
4ufrD_4ufrC_2 81 368
3h8dE_3h8dA 38 120
5v61I_5v61A 17 348
6bzgA_6bzgB 189 198
5w5cB_5w5cA 54 38
4n6nB_4n6nA 117 261
3aonB_3aonA 99 180
1fzjB_1fzjA 99 273
4k5bC_4k5bB 145 156
2df6A_2df6C 59 18
5c67C_5c67B 53 224
5iq9C_5iq9A 18 224
1euvB_1euvA 79 221
1nvpD_1nvpB 97 43
1dx5L_1dx5P 118 257
5zwlE_5zwlG 138 254
3ga9S_3ga9L 166 274
1xt9A_1xt9B 208 76
1h33B_1h33A 135 260
1w2wF_1w2wE 190 207
4x6eB_4x6eA 99 266
3useT_3useL_1 142 307
3useT_3useL_2 142 307
3c0rA_3c0rB 171 75
3uzqA_3uzqB 234 95
3ndyB_3ndyF_1 343 106
3ndyB_3ndyF_2 343 106
4p1xD_4p1xE_1 220 229
4p1xD_4p1xE_2 220 229
3fgcA_3fgcB_1 235 214
3fgcA_3fgcB_2 235 214
5ffgA_5ffgB_1 316 133
5ffgA_5ffgB_2 316 133
3m4wG_3m4wC 36 276
5nj9A_5nj9B_1 234 215
5nj9A_5nj9B_2 234 215
4pqtB_4pqtA 76 185
6bgaB_6bgaA 207 182
2odyF_2odyD 127 252
4hjjH_4hjjA_1 308 141
4hjjH_4hjjA_2 308 141
4nooD_4nooC 92 197
5o04F_5o04A 101 308
3d2eB_3d2eA_1 169 280
3d2eB_3d2eA_2 169 280
1kqfC_1kqfB_1 192 257
1kqfC_1kqfB_2 192 257
4eqaD_4eqaB 150 146
4z8sA_4z8sB_1 218 231
4z8sA_4z8sB_2 218 231
1fz2C_1fz2A_1 194 255
1fz2C_1fz2A_2 194 255
3p73A_3p73B 275 99
3ag1R_3ag1V 105 72
3lizH_3lizA_1 177 272
3lizH_3lizA_2 177 272
2q0oD_2q0oB 87 235
2hd5B_2hd5A 76 314
6bb4J_6bb4N 216 211
5e64C_5e64D_1 332 117
5e64C_5e64D_2 332 117
3ajiD_3ajiC 73 228
3g6aA_3g6aB 210 222
2j1kT_2j1kC 119 182
5d50E_5d50A 74 171
5mfcD_5mfcC_1 205 244
5mfcD_5mfcC_2 205 244
2xtsC_2xtsD_1 295 154
2xtsC_2xtsD_2 295 154
5f72C_5f72T_1 249 200
5f72C_5f72T_2 249 200
3pz4B_3pz4A_1 252 197
3pz4B_3pz4A_2 252 197
5wrdD_5wrdB 19 117
3r84V_3r84U 78 80
5mp5C_5mp5D 219 218
1k8kB_1k8kF 190 167
4wb6B_4wb6J 340 20
2vlpA_2vlpB 82 134
4pswB_4pswA_1 241 208
4pswB_4pswA_2 241 208
3ci0I_3ci0K 81 280
2a9kB_2a9kA 207 170
2secE_2secI 274 64
5la6D_5la6E_1 348 101
5la6D_5la6E_2 348 101
5leyI_5leyJ 204 195
3hd8D_3hd8C_1 150 300
3hd8D_3hd8C_2 150 300
2ekeA_2ekeC 154 91
3n9uC_3n9uB 96 201
1dlkD_1dlkC 230 13
5yvtA_5yvtB_1 224 225
5yvtA_5yvtB_2 224 225
1ophA_1ophB_1 282 167
1ophA_1ophB_2 282 167
3wvdB_3wvdA 212 194
1zlhB_1zlhA 74 301
4reyB_4reyA 22 196
2zfoA_2zfoD 140 155
5fkaC_5fkaB_1 215 234
5fkaC_5fkaB_2 215 234
1fmaE_1fmaD 142 81
2bmrB_2bmrA_1 138 311
2bmrB_2bmrA_2 138 311
4i0wB_4i0wA_1 374 75
4i0wB_4i0wA_2 374 75
2hd5A_2hd5B 314 76
3qmlC_3qmlA_1 184 265
3qmlC_3qmlA_2 184 265
3thmF_3thmH 77 228
5kzpF_5kzpJ 226 212
5j3tA_5j3tC 126 25
4lldB_4lldA 101 99
5f22B_5f22A 115 79
4eq6B_4eq6A 210 192
5ggsC_5ggsD 220 217
4iydA_4iydB 21 29
4hknC_4hknA 47 162
5yayB_5yayA 15 244
3ojdB_3ojdA 223 214
6d1vA_6d1vB 275 159
5girB_5girA 211 205
5oecB_5oecA 158 187
1jzdC_1jzdB 118 214
4dhiB_4dhiD 238 150
3omaC_3omaD_1 303 146
3omaC_3omaD_2 303 146
5a4mL_5a4mT_1 310 139
5a4mL_5a4mT_2 310 139
3l0lC_3l0lA 13 247
2nu4I_2nu4E 51 185
3viqC_3viqD 116 70
5ma8C_5ma8D 158 224
5tz2H_5tz2C 213 114
4xkfD_4xkfC_1 156 293
4xkfD_4xkfC_2 156 293
6fkjB_6fkjC_1 221 228
6fkjB_6fkjC_2 221 228
2i3sD_2i3sC 36 328
4ui6D_4ui6B 47 162
3ze8B_3ze8A_1 285 164
3ze8B_3ze8A_2 285 164
1kraB_1kraC_1 68 381
1kraB_1kraC_2 68 381
3u52A_3u52C_1 273 176
3u52A_3u52C_2 273 176
5tugA_5tugB 115 130
1f2tA_1f2tB 145 143
4zv0B_4zv0A 93 135
3p9wB_3p9wA 123 96
4kvgB_4kvgA 246 165
3oy6U_3oy6P 246 15
5paxA_5paxC 58 250
3k6gB_3k6gE 91 34
4u1iA_4u1iB 278 100
2wpiE_2wpiS 59 234
3b5nI_3b5nL 58 62
2fomB_2fomA 150 46
4xt2D_4xt2C 107 114
5t51A_5t51B 96 90
1mg2M_1mg2N_1 339 110
1mg2M_1mg2N_2 339 110
4om1H_4om1G_1 178 271
4om1H_4om1G_2 178 271
4mcxF_4mcxE 91 92
5wbxR_5wbxB 146 95
2bkkA_2bkkB 247 156
2w2mA_2w2mP 277 92
1mnmC_1mnmB 77 81
5lf4D_5lf4L 233 213
1xiwA_1xiwB 91 66
1bzxE_1bzxI 222 58
3d85D_3d85C 290 133
2xdqB_2xdqA_1 228 221
2xdqB_2xdqA_2 228 221
2y5tG_2y5tF 19 21
2fm8B_2fm8C 125 220
1tqyH_1tqyG_1 219 230
1tqyH_1tqyG_2 219 230
5m5eD_5m5eB 121 203
5o33A_5o33B 177 179
5j4aB_5j4aA 104 116
2pm6A_2pm6B_1 248 201
2pm6A_2pm6B_2 248 201
1nmmC_1nmmD 123 272
2xfgB_2xfgA_1 125 324
2xfgB_2xfgA_2 125 324
2fh5B_2fh5A 188 124
4gehB_4gehA 65 198
5bv7H_5bv7A_1 166 283
5bv7H_5bv7A_2 166 283
1ucyE_1ucyL 109 36
1nbyC_1nbyB 129 210
3dz6A_3dz6B 237 56
3utbE_3utbF 97 78
5tezB_5tezA 100 275
4qlpA_4qlpB 175 199
1ub4C_1ub4A 75 103
5ctiB_5ctiA 71 66
4x7cC_4x7cA 116 307
4an7B_4an7A 156 223
1ka9F_1ka9H 251 195
2xqwB_2xqwC 294 123
3azgC_3azgD 108 94
2pi2F_2pi2B 119 124
1ofsA_1ofsB 182 48
2pt7A_2pt7G_1 310 139
2pt7A_2pt7G_2 310 139
3trsC_3trsD 30 170
2vzkG_2vzkH 173 194
3htuE_3htuF 75 32
1us8A_1us8B 129 140
2ec9U_2ec9L 116 132
4x86A_4x86B 51 56
4e5xH_4e5xD 97 275
4wfdH_4wfdG 93 82
6ejmH_6ejmB 229 88
5chlB_5chlA 176 68
4cguB_4cguA 80 109
1d4xG_1d4xA_1 113 336
1d4xG_1d4xA_2 113 336
3phxA_3phxB 162 77
3bx1C_3bx1A 181 269
5xvbM_5xvbT_1 302 147
5xvbM_5xvbT_2 302 147
4wv4A_4wv4B 86 93
5v5iD_5v5iC 75 160
2ybpD_2ybpB 11 353
6azzD_6azzF 167 219
5jw9A_5jw9B 35 113
5u6aA_5u6aB 214 223
3mnvC_3mnvB 220 208
3eggA_3eggC_1 291 158
3eggA_3eggC_2 291 158
4qo1A_4qo1B 127 199
3qksB_3qksA 179 199
4zuvA_4zuvC 274 12
1pytD_1pytB_1 201 248
1pytD_1pytB_2 201 248
1a2yA_1a2yB 107 116
1danU_1danT 116 75
5uxxA_5uxxB 156 46
3zo3A_3zo3I 337 18
3wyfA_3wyfB 189 144
1pyoD_1pyoC 99 161
3k1rA_3k1rB 192 74
3krfC_3krfD_1 210 239
3krfC_3krfD_2 210 239
4ng2C_4ng2J 166 82
4j4lA_4j4lC 258 155
4jmfA_4jmfC 50 116
4hdqB_4hdqA_1 155 294
4hdqB_4hdqA_2 155 294
2ivfB_2ivfC_1 275 174
2ivfB_2ivfC_2 275 174
1rk8B_1rk8A 127 87
1ktdB_1ktdA 215 182
6b7oA_6b7oC 313 76
5u2jB_5u2jD 110 15
5ecpD_5ecpE_1 327 122
5ecpD_5ecpE_2 327 122
4nqdD_4nqdE 200 243
4y2oB_4y2oA 142 211
5lhrA_5lhrB 245 116
3ifwA_3ifwB 223 75
3hhsA_3hhsB_1 227 222
3hhsA_3hhsB_2 227 222
5vpwC_5vpwB_1 233 216
5vpwC_5vpwB_2 233 216
5nbtA_5nbtB 146 65
3hzhA_3hzhB 133 149
5o7mA_5o7mB 162 171
4ip3B_4ip3A 151 192
5xyvB_5xyvD 64 41
1g0uM_1g0u2 231 195
5lqbH_5lqbA 219 128
6hkgB_6hkgA 214 217
5m2mA_5m2mF 150 127
4fouC_4fouA 95 262
4lo2B_4lo2C 286 144
5m21E_5m21F_1 152 297
5m21E_5m21F_2 152 297
2rd7A_2rd7C_1 303 146
2rd7A_2rd7C_2 303 146
1syxB_1syxA 62 135
4h4fA_4h4fB 239 63
5c4iB_5c4iA_1 197 252
5c4iB_5c4iA_2 197 252
6bvbC_6bvbB 89 106
1yfnD_1yfnH 107 15
3abmQ_3abmR 144 104
1dj7B_1dj7A 73 109
6blhG_6blhH 35 220
3vhlA_3vhlB 264 178
3m7fB_3m7fA 135 107
2qyfB_2qyfA 183 196
2odbB_2odbA 35 177
2clfB_2clfA_1 274 175
2clfB_2clfA_2 274 175
1d3pB_1d3pA 250 28
3pnlA_3pnlB_1 282 167
3pnlA_3pnlB_2 282 167
3mvjA_3mvjJ 334 20
2minD_2minA_1 237 212
2minD_2minA_2 237 212
5y0dF_5y0dH 85 91
2vutL_2vutD 42 320
4nbgB_4nbgE_1 349 100
4nbgB_4nbgE_2 349 100
3imaA_3imaB 211 84
4nawO_4nawN 34 264
4we4B_4we4A_1 156 293
4we4B_4we4A_2 156 293
3f1oA_3f1oB 109 112
1r6qD_1r6qB 93 142
1meeI_1meeA 64 275
4z0xA_4z0xB 105 121
3sjhB_3sjhA 22 357
3mjgY_3mjgA 273 97
5o14H_5o14A 221 229
5xe3F_5xe3C 81 103
6cvkA_6cvkC 241 154
4b0mA_4b0mM 131 212
5bvpI_5bvpH 149 219
4yiqD_4yiqC 108 107
4jegA_4jegB 114 93
3quyD_3quyC 239 202
5tvmE_5tvmD_1 235 214
5tvmE_5tvmD_2 235 214
5mdlL_5mdlS_1 310 139
5mdlL_5mdlS_2 310 139
4j7bD_4j7bE_1 255 194
4j7bD_4j7bE_2 255 194
3t5xA_3t5xB 195 30
1riwC_1riwB 102 147
3pb1I_3pb1E_1 271 178
3pb1I_3pb1E_2 271 178
1iq5A_1iq5B 144 24
1zud2_1zud1 65 234
4g6uB_4g6uA 160 205
3qksA_3qksB 199 179
3lwnA_3lwnF 181 181
4u0aB_4u0aA 14 208
2cjsC_2cjsA 54 163
4ig7A_4ig7B 231 75
1v5iA_1v5iB 274 76
3n1xA_3n1xC_1 383 66
3n1xA_3n1xC_2 383 66
4ysxA_4ysxB_1 320 129
4ysxA_4ysxB_2 320 129
3zknD_3zknB_1 164 285
3zknD_3zknB_2 164 285
4f0mB_4f0mA_1 106 343
4f0mB_4f0mA_2 106 343
4ccgB_4ccgY 147 67
3v6cA_3v6cB 327 81
4ag2C_4ag2A 58 223
4o2cB_4o2cA 99 274
3k65B_3k65A 274 80
5d6cB_5d6cA 208 219
5j1mA_5j1mB 166 176
5bnbF_5bnbB 72 150
2hv8D_2hv8A 54 169
5wskF_5wskB_1 98 351
5wskF_5wskB_2 98 351
2qqdB_2qqdA 112 45
3wdgA_3wdgB 216 110
2j56M_2j56J_1 111 338
2j56M_2j56J_2 111 338
4u1iB_4u1iA 100 278
4hplB_4hplA 83 113
4uj2A_4uj2B 335 20
5j76B_5j76A 111 109
5vpeB_5vpeA 67 67
2ivfC_2ivfB_1 174 275
2ivfC_2ivfB_2 174 275
4ucxA_4ucxQ_1 146 303
4ucxA_4ucxQ_2 146 303
4ag1C_4ag1A 63 221
5yahB_5yahC 215 39
4qo1B_4qo1A 199 127
5b46B_5b46A_1 145 304
5b46B_5b46A_2 145 304
4ttdB_4ttdC 127 212
4o2bB_4o2bA_1 220 229
4o2bB_4o2bA_2 220 229
1jbuH_1jbuX 238 15
4an7A_4an7B 223 156
1avwB_1avwA 171 223
3idjA_3idjB 214 229
2sivD_2sivC 34 36
3fxeA_3fxeB 48 55
2dfxI_2dfxE 106 92
3gmwA_3gmwB 261 154
3zxwF_3zxwG_1 75 374
3zxwF_3zxwG_2 75 374
4nn5A_4nn5C 109 183
3onwC_3onwA 35 316
3g5xA_3g5xB 214 216
4proA_4proC 198 154
3fpuA_3fpuB 100 66
2vmlC_2vmlB 162 172
1culB_1culC_1 165 284
1culB_1culC_2 165 284
2xr8Q_2xr8R_1 317 132
2xr8Q_2xr8R_2 317 132
1uugA_1uugB 222 82
3v7dB_3v7dA_1 343 106
3v7dB_3v7dA_2 343 106
2cmrA_2cmrH 195 203
4i77H_4i77Z 219 97
3rpfA_3rpfD 143 63
4ds8B_4ds8A_1 281 168
4ds8B_4ds8A_2 281 168
4j8rC_4j8rD 210 219
4y72B_4y72A_1 213 236
4y72B_4y72A_2 213 236
3wxfC_3wxfD 299 148
5b6fC_5b6fD 217 211
3o41A_3o41B 217 217
3gcgA_3gcgB 173 152
4bfbE_4bfbA_1 110 339
4bfbE_4bfbA_2 110 339
2vofA_2vofB 141 23
2iwgA_2iwgB 207 181
4yomA_4yomB 104 322
4xkeE_4xkeF_1 294 155
4xkeE_4xkeF_2 294 155
5f1bB_5f1bA 87 158
1umcB_1umcA_1 212 237
1umcB_1umcA_2 212 237
5c0aG_5c0aF 100 276
1fiwA_1fiwL 257 14
3tvjI_3tvjB 35 242
5hggS_5hggB 128 245
4gs9A_4gs9B 107 109
1gcvC_1gcvD 140 136
2hj9A_2hj9C_1 277 172
2hj9A_2hj9C_2 277 172
4qlpB_4qlpA 199 175
4y28A_4y28B_1 226 223
4y28A_4y28B_2 226 223
3ryiE_3ryiA_1 107 342
3ryiE_3ryiA_2 107 342
3repB_3repA 124 268
3gjsD_3gjsC 92 140
4eukB_4eukA 152 136
5jbtY_5jbtX 38 14
2ny2D_2ny2C 221 214
2oxhZ_2oxhY 107 110
3vgyC_3vgyD 49 30
1fz6F_1fz6D_1 134 315
1fz6F_1fz6D_2 134 315
5wxlA_5wxlB 226 78
4cxfB_4cxfA 29 154
2bp3T_2bp3B 18 91
5hrqE_5hrqF 21 28
1y96D_1y96C 83 86
1jwbD_1jwbB 80 240
5wlbE_5wlbF 32 30
4pj2D_4pj2A 122 121
5wvoC_5wvoB 232 76
3repA_3repB 268 124
3ixeB_3ixeA 70 171
2ds2D_2ds2C 68 28
4uf7C_4uf7B_1 112 337
4uf7C_4uf7B_2 112 337
5nfzB_5nfzA_1 220 229
5nfzB_5nfzA_2 220 229
4eryD_4eryA 14 304
5ikcB_5ikcM 210 89
6fr7B_6fr7A 241 203
5zwlG_5zwlE 254 138
6bmkB_6bmkA 98 272
3p0yH_3p0yA 217 194
3or1E_3or1D_1 211 238
3or1E_3or1D_2 211 238
4xh9A_4xh9B_1 296 153
4xh9A_4xh9B_2 296 153
5vt9B_5vt9D 139 28
1orsB_1orsC 221 132
5n02A_5n02B_1 234 215
5n02A_5n02B_2 234 215
2j59Q_2j59E 114 165
1w98B_1w98A_1 214 235
1w98B_1w98A_2 214 235
1o97C_1o97D_1 199 250
1o97C_1o97D_2 199 250
3aekB_3aekA_1 225 224
3aekB_3aekA_2 225 224
3lpeD_3lpeC 59 84
1vf6C_1vf6A 51 58
1zoyC_1zoyD 138 102
4h2yC_4h2yB 77 296
4wm7B_4wm7A_1 206 243
4wm7B_4wm7A_2 206 243
1kfcB_1kfcA_1 273 176
1kfcB_1kfcA_2 273 176
3zkmD_3zkmC 217 216
4re1D_4re1A 47 206
5odhG_5odhI_1 351 98
5odhG_5odhI_2 351 98
3e8eE_3e8eF 341 20
3d4uA_3d4uB 296 74
2r0lA_2r0lH_1 233 216
2r0lA_2r0lH_2 233 216
4zdtB_4zdtA 69 69
2xqyG_2xqyL 215 218
3zo0B_3zo0A 180 208
2qfaA_2qfaB 137 62
4llwA_4llwB 213 207
1m9cB_1m9cC 163 146
5aduL_5aduS_1 309 140
5aduL_5aduS_2 309 140
3hy2B_3hy2X 184 101
6cw3A_6cw3B 222 213
5v5hA_5v5hB 162 79
5b76B_5b76A 24 120
5nh2A_5nh2B 289 56
4zfzH_4zfzG 100 277
1jmzA_1jmzG_1 389 60
1jmzA_1jmzG_2 389 60
3abqD_3abqC_1 159 290
3abqD_3abqC_2 159 290
2y9wB_2y9wD_1 334 115
2y9wB_2y9wD_2 334 115
3sr6J_3sr6K_1 157 292
3sr6J_3sr6K_2 157 292
4ue2A_4ue2Q_1 146 303
4ue2A_4ue2Q_2 146 303
1fyzF_1fyzD_1 136 313
1fyzF_1fyzD_2 136 313
3zkeB_3zkeA 11 85
1fm2A_1fm2B_1 103 346
1fm2A_1fm2B_2 103 346
2qrdD_2qrdC 92 114
2e0xC_2e0xD_1 299 150
2e0xC_2e0xD_2 299 150
5x4lD_5x4lB 77 165
3abqC_3abqD_1 290 159
3abqC_3abqD_2 290 159
3x37B_3x37A 128 111
4omfB_4omfG_1 246 203
4omfB_4omfG_2 246 203
1m9xG_1m9xF 146 164
5nusA_5nusB 211 74
2r25B_2r25A 133 166
5wujA_5wujB 37 105
4rqiA_4rqiE 203 15
4q5uA_4q5uC 145 24
1r8qA_1r8qE 179 191
5b4pB_5b4pA 72 254
2vpgC_2vpgD 63 30
6g3wC_6g3wD 184 188
5tcfD_5tcfC_1 276 173
5tcfD_5tcfC_2 276 173
2xv6B_2xv6A 114 75
2qjyK_2qjyJ_1 168 281
2qjyK_2qjyJ_2 168 281
2jetC_2jetB 93 125
1c3oG_1c3oH_1 331 118
1c3oG_1c3oH_2 331 118
1dlkC_1dlkD 13 230
5lxrB_5lxrA 40 80
5vpwB_5vpwC_1 216 233
5vpwB_5vpwC_2 216 233
4proD_4proB 155 198
6et0C_6et0B_1 251 198
6et0C_6et0B_2 251 198
1k8yB_1k8yA_1 272 177
1k8yB_1k8yA_2 272 177
2pyfB_2pyfA 241 205
1xh8A_1xh8B 337 20
5ow5B_5ow5A 77 170
4g6uA_4g6uB 205 160
4txvC_4txvD 178 133
3nzjZ_3nzjY 221 212
2a56B_2a56A 167 64
4hsrA_4hsrB_1 129 320
4hsrA_4hsrB_2 129 320
4fxwB_4fxwA 97 102
4h9qB_4h9qA 83 98
4bjjA_4bjjB 106 85
5xojC_5xojD_1 441 8
5xojC_5xojD_2 441 8
4qicC_4qicD 240 54
1tqyE_1tqyF_1 230 219
1tqyE_1tqyF_2 230 219
1mz8C_1mz8D 87 130
1gl2C_1gl2B 60 60
5i4qA_5i4qC 86 186
1t6vO_1t6vM 112 129
4nrgA_4nrgB 140 147
3by4B_3by4A 75 172
5ijvD_5ijvC_1 242 207
5ijvD_5ijvC_2 242 207
2v36D_2v36C_1 152 297
2v36D_2v36C_2 152 297
1jttL_1jttA 129 133
5ip4B_5ip4D 110 80
1emuA_1emuB 132 16
1qkzH_1qkzA 219 58
5cgqB_5cgqA_1 266 183
5cgqB_5cgqA_2 266 183
5vlaZ_5vlaA 24 352
1ub4A_1ub4C 103 75
1or0B_1or0A_1 346 103
1or0B_1or0A_2 346 103
5ml9A_5ml9B 172 103
5u4rB_5u4rA 212 229
4n0gB_4n0gD 265 144
4ip3A_4ip3B 192 151
4q5hB_4q5hA 76 169
3thmH_3thmF 228 77
1oxkI_1oxkJ 156 128
3dwgA_3dwgC 325 92
3c59B_3c59A 25 103
3b0zB_3b0zA 84 41
4cc9A_4cc9B 307 98
2qklA_2qklB 121 90
2gwfD_2gwfC 126 134
5jfzF_5jfzE 49 180
4zvrD_4zvrC 93 139
3uipD_3uipB 60 78
2c4fT_2c4fU 75 116
1uliC_1uliD_1 317 132
1uliC_1uliD_2 317 132
5bjzB_5bjzH_1 284 165
5bjzB_5bjzH_2 284 165
4ue8B_4ue8A 37 162
5j4sA_5j4sB 241 67
5kc1D_5kc1A 51 29
2rivB_2rivA 34 339
3p73B_3p73A 99 275
3p6zB_3p6zA 255 30
2r40D_2r40A_1 222 227
2r40D_2r40A_2 222 227
4b1tD_4b1tC 67 223
3b0aA_3b0aB 151 57
1t44G_1t44A_1 129 320
1t44G_1t44A_2 129 320
6bvvA_6bvvB 416 24
3uzvA_3uzvB 97 229
5osnA_5osnD 270 43
4crvB_4crvA_1 240 209
4crvB_4crvA_2 240 209
4looB_4looA 21 349
5yeeB_5yeeA_1 327 122
5yeeB_5yeeA_2 327 122
3mc0A_3mc0B 109 228
4q5uC_4q5uA 24 145
3dlqR_3dlqI 201 131
5g49A_5g49B 97 94
3qq9C_3qq9D 217 212
4zdhB_4zdhA 241 201
2p1oA_2p1oB_1 81 368
2p1oA_2p1oB_2 81 368
4u65C_4u65F 131 181
3h9hE_3h9hD 100 275
5jjeA_5jjeB 221 63
1oaoC_1oaoB_1 233 216
1oaoC_1oaoB_2 233 216
3bc1A_3bc1B 185 52
3nbhB_3nbhA 125 144
5mf4B_5mf4C_1 221 228
5mf4B_5mf4C_2 221 228
2vjfB_2vjfA 63 64
5ibwC_5ibwB 43 73
4yxaA_4yxaB 62 64
5e5uB_5e5uC_1 193 256
5e5uB_5e5uC_2 193 256
5aeuE_5aeuF_1 316 133
5aeuE_5aeuF_2 316 133
1tafA_1tafB 68 70
3duuC_3duuD 112 121
1xkpA_1xkpB 217 119
3whtB_3whtA 61 208
1iakP_1iakB 13 185
5j4aA_5j4aB 116 104
5m02G_5m02H 187 237
3r48E_3r48G 30 31
1x1uE_1x1uB 89 110
2ekeC_2ekeA 91 154
4chgI_4chgD 36 129
2pe6B_2pe6A 74 161
3h0tC_3h0tB 22 223
5xm3B_5xm3A_1 44 405
5xm3B_5xm3A_2 44 405
5ffgB_5ffgA_1 133 316
5ffgB_5ffgA_2 133 316
5xjgA_5xjgB_1 423 26
5xjgA_5xjgB_2 423 26
5vpgD_5vpgA 218 222
3wexE_3wexF 181 195
6bz9A_6bz9B 171 88
6bitH_6bitI 115 213
5eckC_5eckD_1 122 327
5eckC_5eckD_2 122 327
4zohB_4zohC 274 161
5dynA_5dynB 118 245
5u3oA_5u3oH 17 232
4nooA_4nooB 197 92
3bx4A_3bx4B 132 122
4bamB_4bamA 251 28
5aewE_5aewF_1 315 134
5aewE_5aewF_2 315 134
3bx7A_3bx7C 173 120
5inbA_5inbB 293 33
1rz8A_1rz8B 213 227
1tecE_1tecI 279 63
4tkvB_4tkvA_1 235 214
4tkvB_4tkvA_2 235 214
4wv4B_4wv4A 93 86
3ab3A_3ab3B_1 287 162
3ab3A_3ab3B_2 287 162
1il1A_1il1B 219 219
5gnaA_5gnaB 96 56
5mtjA_5mtjB 109 96
6fubA_6fubB 81 93
1kfkB_1kfkA_1 274 175
1kfkB_1kfkA_2 274 175
1e44A_1e44B 84 96
1auiA_1auiB_1 313 136
1auiA_1auiB_2 313 136
1ieaA_1ieaB 182 214
6fbzA_6fbzB 191 78
4q5eA_4q5eB 168 76
6c48A_6c48B 84 54
1avwA_1avwB 223 171
2jjtB_2jjtD 114 114
4z9wB_4z9wA_1 231 218
4z9wB_4z9wA_2 231 218
3b4vE_3b4vH 107 211
3dxdA_3dxdB 131 27
4kskD_4kskA 75 260
1p3iA_1p3iB 98 79
4l0pA_4l0pB 175 139
1mduB_1mduA_1 334 115
1mduB_1mduA_2 334 115
2z34A_2z34C 155 21
3pxwC_3pxwA_1 116 333
3pxwC_3pxwA_2 116 333
2x7rA_2x7rB 39 43
3q3mA_3q3mE_1 372 77
3q3mA_3q3mE_2 372 77
1rp3G_1rp3H 226 70
4ucwB_4ucwR_1 145 304
4ucwB_4ucwR_2 145 304
6fnnA_6fnnC 149 90
5cbnA_5cbnB_1 147 302
5cbnA_5cbnB_2 147 302
4okvC_4okvE 215 65
3v6cB_3v6cA 81 327
4dhiD_4dhiB 150 238
1gpwD_1gpwC_1 199 250
1gpwD_1gpwC_2 199 250
1yu6C_1yu6A 51 274
2oznB_2oznA 131 133
6fdkA_6fdkB 242 75
4k12A_4k12B 64 82
5ezjB_5ezjA 213 222
5lbsM_5lbsI 111 119
4aydD_4aydA 243 123
5madD_5madC 231 155
5nvnD_5nvnC 35 166
5v1uG_5v1uC 16 85
4oydA_4oydB 156 117
3qhtA_3qhtC 79 93
2j59B_2j59N 165 114
3p8cD_3p8cA_1 66 383
3p8cD_3p8cA_2 66 383
1or7F_1or7B 64 164
1dgwX_1dgwY 76 92
4a8jE_4a8jC_1 204 245
4a8jE_4a8jC_2 204 245
4ui8D_4ui8B 47 162
1s32H_1s32G 98 107
2yfvB_2yfvA 74 68
5d0mB_5d0mA 76 147
1jouF_1jouE 257 44
4u5wC_4u5wD 111 160
5sxpG_5sxpC 21 60
1mduD_1mduE_1 114 335
1mduD_1mduE_2 114 335
4lrzH_4lrzB_1 260 189
4lrzH_4lrzB_2 260 189
5cexA_5cexB 207 233
3dsxA_3dsxB_1 221 228
3dsxA_3dsxB_2 221 228
3dvaC_3dvaD_1 238 211
3dvaC_3dvaD_2 238 211
3favA_3favB 74 72
5x42D_5x42C 67 195
1wmiD_1wmiC 61 88
1u0sA_1u0sY 86 118
1ak4B_1ak4C 163 145
4qd2F_4qd2G 225 143
4efxC_4efxD 21 28
4j8uE_4j8uF 97 87
4rsuJ_4rsuH 106 150
1dtdB_1dtdA 61 303
4ekxD_4ekxC 155 100
2beqA_2beqF 36 46
4g91B_4g91C 91 117
2qyfC_2qyfD 182 186
3wqbA_3wqbB_1 385 64
3wqbA_3wqbB_2 385 64
3h7wB_3h7wA 110 108
5bnnB_5bnnC_1 220 229
5bnnB_5bnnC_2 220 229
1xtcF_1xtcC 103 45
5mvzH_5mvzU 221 136
2j9yB_2j9yA_1 274 175
2j9yB_2j9yA_2 274 175
5t08E_5t08F_1 294 155
5t08E_5t08F_2 294 155
1t0jC_1t0jB 16 187
1svdM_1svdA_1 87 362
1svdM_1svdA_2 87 362
1t0fA_1t0fC 264 49
3tnnD_3tnnC 210 210
2w1aC_2w1aA_1 66 383
2w1aC_2w1aA_2 66 383
1z9sA_1z9sB 196 149
5odrA_5odrC_1 350 99
5odrA_5odrC_2 350 99
3kr3H_3kr3D 218 60
6eh9B_6eh9A 241 202
5yixB_5yixA 48 324
4g59C_4g59A 264 162
4kkxA_4kkxB_1 181 268
4kkxA_4kkxB_2 181 268
5owuB_5owuA_1 14 435
5owuB_5owuA_2 14 435
4g01B_4g01A 165 237
5vipD_5vipC_1 234 215
5vipD_5vipC_2 234 215
4f7uH_4f7uJ 78 67
3b08E_3b08D 59 151
1oryB_1oryA 40 119
1m34N_1m34J_1 154 295
1m34N_1m34J_2 154 295
3pnlB_3pnlA_1 167 282
3pnlB_3pnlA_2 167 282
5oyaD_5oyaN_1 345 104
5oyaD_5oyaN_2 345 104
3axyH_3axyJ 166 234
1r8oB_1r8oA 71 96
4az0B_4az0A 153 260
2pbdA_2pbdP_1 324 125
2pbdA_2pbdP_2 324 125
3gp2B_3gp2A 20 146
1eerA_1eerB 166 213
2w80C_2w80B 243 123
5fkpA_5fkpB 265 99
5bs8C_5bs8B_1 299 150
5bs8C_5bs8B_2 299 150
1ub6B_1ub6A 213 208
3ssbB_3ssbD 316 34
5h3jA_5h3jB 197 21
4l33D_4l33B 47 162
4elkA_4elkB 199 242
3d32A_3d32C 118 12
1r17A_1r17C 321 11
1g7iB_1g7iC 116 129
4hlfD_4hlfB 47 162
1nf3B_1nf3D 194 123
4djdF_4djdE_1 190 259
4djdF_4djdE_2 190 259
3rlfA_3rlfG_1 254 195
3rlfA_3rlfG_2 254 195
1ct0E_1ct0I 185 51
5nx1B_5nx1D 13 42
4tpsA_4tpsB 140 82
5fq2A_5fq2B 156 100
5avbA_5avbB 99 82
4nbdA_4nbdD_1 354 95
4nbdA_4nbdD_2 354 95
2znxB_2znxZ 215 129
4z9cF_4z9cA 115 223
5d5mE_5d5mC_1 191 258
5d5mE_5d5mC_2 191 258
5mpoA_5mpoD 83 131
4upvB_4upvR_1 146 303
4upvB_4upvR_2 146 303
4ue9A_4ue9B 174 36
3c1bE_3c1bF 99 86
3bcqC_3bcqD 142 146
3qyhA_3qyhB 199 219
6bkmC_6bkmD_1 292 157
6bkmC_6bkmD_2 292 157
5jp2B_5jp2F 270 18
4jo6D_4jo6Z 120 25
5nh3I_5nh3B 113 95
1oebC_1oebB 12 55
1x7xA_1x7xB_1 238 211
1x7xA_1x7xB_2 238 211
1jebC_1jebD 141 146
5v1vB_5v1vD 85 17
2q8aA_2q8aH_1 276 173
2q8aA_2q8aH_2 276 173
3vuyA_3vuyD 76 33
4bl0D_4bl0E 331 45
4gycA_4gycB 220 61
4qhuA_4qhuD 209 100
5k39B_5k39A 153 167
2a53D_2a53C 167 59
3dsxB_3dsxA_1 228 221
3dsxB_3dsxA_2 228 221
5jenC_5jenD 202 129
2hrkB_2hrkA 121 177
4m70I_4m70J 108 89
1q7lC_1q7lD 190 85
1y14D_1y14C 160 136
4rluB_4rluA 147 152
3mi0C_3mi0B 222 213
2nu0E_2nu0I 185 51
3pv6A_3pv6B 214 112
3zdlA_3zdlB 256 26
6dcvB_6dcvA 225 220
3v57A_3v57B 164 176
4o8xA_4o8xB 174 166
2a42A_2a42B_1 263 186
2a42A_2a42B_2 263 186
1a4jA_1a4jB 217 217
1j34C_1j34A 34 129
1qo0B_1qo0E_1 296 153
1qo0B_1qo0E_2 296 153
5efiB_5efiA 99 263
4xxwB_4xxwC 229 204
3c6sC_3c6sD 217 208
5omcC_5omcB 97 120
3oxuD_3oxuA 125 295
1auiB_1auiA_1 136 313
1auiB_1auiA_2 136 313
4fjvD_4fjvC 82 230
4e05I_4e05H 30 253
5njaB_5njaA_1 215 234
5njaB_5njaA_2 215 234
3nqjB_3nqjA 69 76
1kqfB_1kqfA_1 102 347
1kqfB_1kqfA_2 102 347
3t4nB_3t4nC 104 311
3mxnA_3mxnB 151 131
5h66A_5h66B 187 181
5d1lB_5d1lA 111 146
4emkA_4emkC 68 58
3l82A_3l82B 195 179
2ibzY_2ibzX 107 127
1ttpB_1ttpA_1 271 178
1ttpB_1ttpA_2 271 178
4q96E_4q96C 128 19
4qrtB_4qrtA 100 276
3oeiL_3oeiJ 84 86
2j1kE_2j1kO 182 118
5ngvH_5ngvA 113 93
1ze3D_1ze3C 116 205
4hcrM_4hcrB 217 194
1r6oB_1r6oD 141 94
1xiwH_1xiwG 122 107
2cchF_2cchD 12 256
3a8mA_3a8mB 195 212
3ubqF_3ubqE_1 156 293
3ubqF_3ubqE_2 156 293
1ir2A_1ir2L_1 346 103
1ir2A_1ir2L_2 346 103
1gctC_1gctB 95 131
5w5cD_5w5cC 55 65
2xt1A_2xt1B 86 114
5tciG_5tciH_1 170 279
5tciG_5tciH_2 170 279
5dmbA_5dmbD 140 72
2xraH_2xraA 222 203
5ifjJ_5ifjK 219 213
1c08C_1c08B 129 114
4lloB_4lloA 121 173
3ckiB_3ckiA 121 256
2i5yR_2i5yQ 222 213
1uliD_1uliC_1 132 317
1uliD_1uliC_2 132 317
5twaB_5twaC 158 25
2eizC_2eizB 129 113
2gw4A_2gw4B 61 156
3oeiN_3oeiP 83 84
1go4F_1go4B 87 195
3ha6A_3ha6B 263 36
5oyjA_5oyjD 161 218
1wddW_1wddE_1 93 356
1wddW_1wddE_2 93 356
1sr4C_1sr4A 154 167
4c9rB_4c9rA 105 161
3zcbA_3zcbB 185 62
3crpC_3crpD 31 32
3fyiC_3fyiD_1 303 146
3fyiC_3fyiD_2 303 146
3vzaB_3vzaF 99 31
3cfaG_3cfaR 164 58
4hrtE_4hrtH 149 148
2wpvE_2wpvF 280 47
1vppW_1vppY 90 18
3ex7H_3ex7I_1 388 61
3ex7H_3ex7I_2 388 61
5iwbA_5iwbB 109 117
3v4yB_3v4yA 41 293
3pseA_3pseB 164 150
4x7cB_4x7cD 307 120
1wtgT_1wtgL 191 132
5nm5B_5nm5A_1 223 226
5nm5B_5nm5A_2 223 226
3sdlC_3sdlB 151 97
4y2oA_4y2oB 211 142
5ypuC_5ypuD 353 21
1pp9E_1pp9P_1 155 294
1pp9E_1pp9P_2 155 294
6aniM_6aniI 209 212
1th8A_1th8B 132 115
3hqrA_3hqrS 225 17
5w97e_5w97d 105 144
4wn2A_4wn2D 299 35
5y26A_5y26B 97 92
3sgjA_3sgjC 219 169
5k8aF_5k8aE 222 213
1apzC_1apzD 161 141
4f0zB_4f0zA_1 136 313
4f0zB_4f0zA_2 136 313
1tawB_1tawA 54 223
1n1jB_1n1jA 78 87
1d0gA_1d0gR 151 108
2vlqA_2vlqB 84 134
4aezD_4aezE_1 288 161
4aezD_4aezE_2 288 161
1oeyL_1oeyC 96 74
5ocaA_5ocaB_1 70 379
5ocaA_5ocaB_2 70 379
2rkyB_2rkyC 21 92
4c1mD_4c1mB_1 367 82
4c1mD_4c1mB_2 367 82
2f95B_2f95A 53 220
5ndcA_5ndcC_1 426 23
5ndcA_5ndcC_2 426 23
1jdhA_1jdhB_1 418 31
1jdhA_1jdhB_2 418 31
6gfiC_6gfiB 56 224
1gpqB_1gpqC 128 127
6h5eB_6h5eA_1 277 172
6h5eB_6h5eA_2 277 172
1nh2A_1nh2C 180 50
3lpeG_3lpeH 84 59
6gh8D_6gh8A 110 120
1ukvG_1ukvY_1 311 138
1ukvG_1ukvY_2 311 138
5h8hA_5h8hB_1 222 227
5h8hA_5h8hB_2 222 227
4zmaT_4zmaL 198 131
4favE_4favF_1 111 338
4favE_4favF_2 111 338
1ma9A_1ma9B_1 249 200
1ma9A_1ma9B_2 249 200
2v7qI_2v7qH 47 131
4iv1B_4iv1A 207 191
5xuyB_5xuyA 205 180
5nw2J_5nw2K 102 88
5ja9B_5ja9D 122 100
4je4A_4je4B 102 93
2ox5A_2ox5B 107 108
3rkdA_3rkdH 146 218
5ombA_5ombD 120 98
3dssB_3dssA_1 229 220
3dssB_3dssA_2 229 220
5a6wB_5a6wC 73 83
2y3nC_2y3nD 171 49
4zoqO_4zoqG 335 62
1ktdA_1ktdB 182 215
1l4dA_1l4dB 249 112
4cydH_4cydC 20 225
5tvfB_5tvfA 270 77
5vahD_5vahB 14 214
5or6A_5or6B_1 169 280
5or6A_5or6B_2 169 280
1fm2B_1fm2A_1 346 103
1fm2B_1fm2A_2 346 103
3msxB_3msxA 192 177
3ivbM_3ivbA 11 137
4rltA_4rltB 155 147
2dohX_2dohC 165 24
6bgaA_6bgaB 182 207
1wqlA_1wqlB_1 317 132
1wqlA_1wqlB_2 317 132
4bahB_4bahA 253 30
4dk7C_4dk7D 224 12
3dd7C_3dd7D 122 21
4x6fB_4x6fA 98 263
3tz1B_3tz1A 24 71
1culC_1culB_1 284 165
1culC_1culB_2 284 165
1wqlB_1wqlA_1 132 317
1wqlB_1wqlA_2 132 317
5aoxD_5aoxE 73 84
5fvbX_5fvbK 183 164
5nkmD_5nkmE_1 192 257
5nkmD_5nkmE_2 192 257
2f9iB_2f9iC_1 210 239
2f9iB_2f9iC_2 210 239
1lodB_1lodA 47 180
2fu5C_2fu5B 146 107
2y9qA_2y9qB 350 17
2ff6A_2ff6G_1 334 115
2ff6A_2ff6G_2 334 115
4u3xC_4u3xD 111 128
3mnvB_3mnvC 208 220
5wasA_5wasB 180 37
1zvhL_1zvhA 127 124
5d93B_5d93C 212 207
4wy4D_4wy4A 65 64
4ds7B_4ds7E 142 46
4dkaA_4dkaD 127 82
5zcjC_5zcjA 121 199
4tzmC_4tzmA 13 239
3qf7C_3qf7A 35 357
2xttB_2xttA 223 35
4k94C_4k94H 195 202
2zs0B_2zs0C 142 147
5lcqA_5lcqB 350 18
4n6rA_4n6rB 151 198
3n1fC_3n1fB 94 150
1s6cA_1s6cB 165 21
4gn3P_4gn3O 104 129
1ph6A_1ph6B_1 304 145
1ph6A_1ph6B_2 304 145
4joiD_4joiA 118 141
1yauH_1yauA 203 222
3ktaA_3ktaB 161 165
1t6oA_1t6oB 49 19
1wt5D_1wt5B 111 115
2vyrG_2vyrC 123 86
2y1lF_2y1lA 156 150
5ottA_5ottB 98 34
4yfaL_4yfaJ_1 348 101
4yfaL_4yfaJ_2 348 101
4x4yC_4x4yD 113 98
3bx7C_3bx7A 120 173
5vahB_5vahD 214 14
3wifA_3wifB 211 216
4x7eC_4x7eA 121 304
2c5kP_2c5kT 22 89
1cq4A_1cq4B 37 23
5m01H_5m01G 237 188
2dvqQ_2dvqB 14 105
5n03A_5n03D_1 234 215
5n03A_5n03D_2 234 215
3ab3B_3ab3A_1 162 287
3ab3B_3ab3A_2 162 287
1j05A_1j05B 111 121
4zxaY_4zxaC_1 299 150
4zxaY_4zxaC_2 299 150
3prpB_3prpA 75 161
3vuwB_3vuwF 74 32
3mgpC_3mgpD 104 100
4aomA_4aomT 143 18
1m93C_1m93A 31 46
5om6D_5om6C 39 335
5il0A_5il0B_1 192 257
5il0A_5il0B_2 192 257
5z38I_5z38J 43 55
3l4qB_3l4qC 119 163
1ce8G_1ce8H_1 331 118
1ce8G_1ce8H_2 331 118
5wg4B_5wg4G 339 59
6gs2B_6gs2A_1 275 174
6gs2B_6gs2A_2 275 174
5n85A_5n85B 121 12
5k2mE_5k2mA 52 273
3ufxB_3ufxA_1 255 194
3ufxB_3ufxA_2 255 194
2xrxS_2xrxT_1 317 132
2xrxS_2xrxT_2 317 132
5doiD_5doiH 153 93
1k8kA_1k8kB_1 305 144
1k8kA_1k8kB_2 305 144
2d1pE_2d1pI 118 95
4drhE_4drhD 89 131
3qhyA_3qhyB_1 219 230
3qhyA_3qhyB_2 219 230
3rpfC_3rpfB 72 144
3oxtA_3oxtB 335 18
3ii6Y_3ii6C_1 252 197
3ii6Y_3ii6C_2 252 197
1rk8A_1rk8B 87 127
6c6zA_6c6zC 187 220
6atgA_6atgB 59 212
5odrH_5odrI_1 276 173
5odrH_5odrI_2 276 173
4pc2D_4pc2B_1 192 257
4pc2D_4pc2B_2 192 257
2gw4D_2gw4C 156 61
4xpmA_4xpmB 39 67
4c58B_4c58A 120 267
4ud2C_4ud2S_1 145 304
4ud2C_4ud2S_2 145 304
1hbuC_1hbuB_1 161 288
1hbuC_1hbuB_2 161 288
6bc8B_6bc8A 25 205
3ad8B_3ad8D_1 367 82
3ad8B_3ad8D_2 367 82
1ph4A_1ph4B_1 306 143
1ph4A_1ph4B_2 306 143
2f95A_2f95B 220 53
5if0A_5if0I 219 169
1uptE_1uptF 161 52
3p6zG_3p6zH 29 255
4k12B_4k12A 82 64
1gpwA_1gpwB_1 250 199
1gpwA_1gpwB_2 250 199
2g38D_2g38C 173 76
3hhsB_3hhsA_1 222 227
3hhsB_3hhsA_2 222 227
2djfC_2djfB 68 161
5or6B_5or6A_1 280 169
5or6B_5or6A_2 280 169
3ox8E_3ox8D 100 275
1im3D_1im3A 95 275
4mqeB_4mqeA_1 223 226
4mqeB_4mqeA_2 223 226
3fdsC_3fdsA_1 186 263
3fdsC_3fdsA_2 186 263
2p58B_2p58C 36 110
4ww7A_4ww7B 237 172
1o94D_1o94C 189 233
5x42C_5x42D 195 67
2uuyA_2uuyB 223 52
1gxsA_1gxsB 267 158
4mviA_4mviB 172 13
1cxzB_1cxzA 86 182
1fi8B_1fi8E 227 76
1lp9M_1lp9H_1 208 241
1lp9M_1lp9H_2 208 241
3tzdA_3tzdT 58 11
4lmxI_4lmxJ 72 175
3tq7A_3tq7B 55 55
2bykD_2bykC 92 66
5drwB_5drwA 218 218
4uhpB_4uhpA 90 135
2zaeA_2zaeB 105 98
4bosC_4bosA 76 164
1puuA_1puuB_1 218 231
1puuA_1puuB_2 218 231
5jfcS_5jfcL_1 169 280
5jfcS_5jfcL_2 169 280
1iznC_1iznD_1 226 223
1iznC_1iznD_2 226 223
6fnoD_6fnoB 89 148
2iybF_2iybB 63 113
3x1lG_3x1lH 152 297
3v6eA_3v6eB 328 81
1gxsD_1gxsC 158 267
3x1lF_3x1lC_1 140 309
3x1lF_3x1lC_2 140 309
4llvF_4llvE 102 121
2c0lA_2c0lB 292 122
4qlqY_4qlqZ 212 222
4q57A_4q57B 65 244
3zksA_3zksD_1 343 106
3zksA_3zksD_2 343 106
5vjiF_5vjiD 55 39
3aqbD_3aqbC_1 317 132
3aqbD_3aqbC_2 317 132
5ot3A_5ot3D 336 18
6f3zC_6f3zD 225 188
4wq4A_4wq4C_1 267 182
4wq4A_4wq4C_2 267 182
4hnyD_4hnyC_1 99 350
4hnyD_4hnyC_2 99 350
5hudG_5hudA_1 70 379
5hudG_5hudA_2 70 379
4mp0C_4mp0D 291 28
2hleA_2hleB 188 133
2eeoA_2eeoB 23 95
4fhrA_4fhrB 182 208
1jmtA_1jmtB 98 23
4aeiB_4aeiM 64 217
1z3eA_1z3eB 119 67
1kz7B_1kz7A_1 164 285
1kz7B_1kz7A_2 164 285
2i5nC_2i5nM_1 228 221
2i5nC_2i5nM_2 228 221
5t08F_5t08E_1 155 294
5t08F_5t08E_2 155 294
5my4A_5my4B 218 217
3i29B_3i29A 175 222
5otjB_5otjD 222 69
3whqA_3whqB_1 297 152
3whqA_3whqB_2 297 152
3kf6B_3kf6A 105 136
4x6fA_4x6fB 263 98
2z3qB_2z3qA 81 114
6dwaB_6dwaA 211 217
1z8iB_1z8iA 248 38
4ydjB_4ydjA 205 237
3vh5T_3vh5A 94 100
4k94H_4k94C 202 195
4aeiM_4aeiB 217 64
1xx9A_1xx9D 237 139
3tmpC_3tmpH 167 75
1f6fB_1f6fA 195 183
1stfI_1stfE 98 211
2bkyA_2bkyX 89 86
3quyC_3quyD 202 239
4xjkA_4xjkB 88 108
3b0bC_3b0bB 74 96
3mo1A_3mo1B 218 215
5j1sC_5j1sA 123 277
4h9oA_4h9oB 97 83
4rltB_4rltA 147 155
2f2fB_2f2fA 261 153
1c5mF_1c5mD 52 241
4pdcC_4pdcE 123 150
2e4mC_2e4mA 143 285
4reqC_4reqD_1 242 207
4reqC_4reqD_2 242 207
5tz2C_5tz2H 114 213
1th8B_1th8A 115 132
1iilG_1iilC 215 132
5ne43_5ne42 219 206
1ayyC_1ayyD 140 144
5lhrB_5lhrA 116 245
4yvqC_4yvqA 119 84
1ocrA_1ocrM_1 415 34
1ocrA_1ocrM_2 415 34
4j2yB_4j2yA 223 165
4g8aC_4g8aA_1 85 364
4g8aC_4g8aA_2 85 364
5m0bA_5m0bB 350 19
6fc0A_6fc0B 192 77
2gacC_2gacB 136 139
5tbdD_5tbdG 113 112
3f62B_3f62A 145 108
3mv8E_3mv8D 242 200
4awxB_4awxA 63 252
3srnB_3srnA 11 113
3wfeB_3wfeC_1 341 108
3wfeB_3wfeC_2 341 108
4jdeA_4jdeB 144 143
5k7uB_5k7uA_1 259 190
5k7uB_5k7uA_2 259 190
2eysB_2eysA 243 202
2jazA_2jazB 86 120
5h8qA_5h8qB_1 222 227
5h8qA_5h8qB_2 222 227
1uuvB_1uuvA_1 135 314
1uuvB_1uuvA_2 135 314
1ai5A_1ai5B_1 121 328
1ai5A_1ai5B_2 121 328
1oakA_1oakH 196 218
3hrdC_3hrdB_1 210 239
3hrdC_3hrdB_2 210 239
3idmB_3idmA 227 214
4lm6C_4lm6D 62 175
2fjuA_2fjuB_1 91 358
2fjuA_2fjuB_2 91 358
4l10D_4l10B 47 162
2pt7G_2pt7A_1 139 310
2pt7G_2pt7A_2 139 310
4jb8P_4jb8A 158 143
4h10A_4h10B 60 63
3exhA_3exhB_1 234 215
3exhA_3exhB_2 234 215
4cdcL_4cdcK 68 162
4mx7B_4mx7A 95 273
1ugqA_1ugqB 203 228
5jo2A_5jo2B_1 170 279
5jo2A_5jo2B_2 170 279
5en2C_5en2A 141 218
3ro3A_3ro3B 159 17
5xlfL_5xlfS_1 300 149
5xlfL_5xlfS_2 300 149
4llyA_4llyB 220 209
4yh8A_4yh8B 180 55
4xhuD_4xhuC 83 333
3imaD_3imaC 85 211
1zoqB_1zoqD 191 47
6asrA_6asrB 76 39
3gjeB_3gjeA 220 212
1c5dA_1c5dB 213 215
5eo1B_5eo1A 100 275
3ryiB_3ryiE_1 342 107
3ryiB_3ryiE_2 342 107
3h11A_3h11B 212 229
1h1lA_1h1lD_1 215 234
1h1lA_1h1lD_2 215 234
4ov5E_4ov5D 186 179
1nm5C_1nm5A_1 146 303
1nm5C_1nm5A_2 146 303
5fbzC_5fbzD_1 391 58
5fbzC_5fbzD_2 391 58
3zniK_3zniA_1 122 327
3zniK_3zniA_2 122 327
2o3bA_2o3bB 241 135
3cltC_3cltD_1 199 250
3cltC_3cltD_2 199 250
1ya7C_1ya7I 227 203
5nquF_5nquB_1 121 328
5nquF_5nquB_2 121 328
5to3A_5to3B 44 367
5ldaB_5ldaA 56 126
6ellA_6ellB 211 213
3n06A_3n06B 186 206
4lo3B_4lo3C 285 144
1qo3C_1qo3A 128 274
1w2wM_1w2wN 207 190
3idbA_3idbB_1 311 138
3idbA_3idbB_2 311 138
3aekA_3aekD_1 224 225
3aekA_3aekD_2 224 225
5wl2B_5wl2A 211 221
5itzF_5itzB_1 104 345
5itzF_5itzB_2 104 345
4e45D_4e45E 74 105
1tu3G_1tu3B 51 166
4ht3B_4ht3A_1 267 182
4ht3B_4ht3A_2 267 182
2aj3D_2aj3C 222 212
2qrdE_2qrdA 324 114
4etwD_4etwC 75 255
5odiG_5odiI_1 351 98
5odiG_5odiI_2 351 98
1zotB_1zotA 69 351
1nw9B_1nw9A 238 91
3hxcB_3hxcA_1 230 219
3hxcB_3hxcA_2 230 219
4mitF_4mitB 35 179
2hyiA_2hyiC_1 120 329
2hyiA_2hyiC_2 120 329
2bh1Y_2bh1B 68 238
3f1oB_3f1oA 112 109
3puvB_3puvF_1 189 260
3puvB_3puvF_2 189 260
5m2mD_5m2mB 127 151
4kyoC_4kyoD_1 259 190
4kyoC_4kyoD_2 259 190
1krlD_1krlC 48 44
1ka9H_1ka9F 195 251
4ynyC_4ynyD 209 209
5kveL_5kveE 114 101
5iaaB_5iaaC 239 80
5lqbA_5lqbH 128 219
4ezvA_4ezvC 219 13
3k65A_3k65B 80 274
3vuxE_3vuxB 33 76
2xcmC_2xcmB 92 213
3ifwB_3ifwA 75 223
2hl5D_2hl5B 76 59
2jg8C_2jg8B 131 134
5jczA_5jczB_1 144 305
5jczA_5jczB_2 144 305
1nlwD_1nlwE 77 74
3v7dC_3v7dD_1 106 343
3v7dC_3v7dD_2 106 343
4x8kB_4x8kA 32 122
4n8cM_4n8cI 220 221
4i2xB_4i2xA 229 214
5yeeA_5yeeB_1 122 327
5yeeA_5yeeB_2 122 327
3r5jC_3r5jD 159 97
4aorA_4aorD 223 34
2d07A_2d07B 215 76
5kbnA_5kbnD 124 96
4ffvB_4ffvD_1 349 100
4ffvB_4ffvD_2 349 100
2fh5A_2fh5B 124 188
1pxvD_1pxvB 111 183
5y4rA_5y4rD 273 119
2xcmC_2xcmE 92 74
5lf3I_5lf3H 204 220
5vz1C_5vz1D 196 214
6at6B_6at6A 240 190
1z8uB_1z8uA 135 90
4ljpA_4ljpB 215 76
2r0lH_2r0lA_1 216 233
2r0lH_2r0lA_2 216 233
5svhA_5svhB 85 42
3exeE_3exeH_1 235 214
3exeE_3exeH_2 235 214
5zcjA_5zcjC 199 121
5mu3B_5mu3A 163 184
3krcD_3krcC_1 227 222
3krcD_3krcC_2 227 222
3bzlD_3bzlB 82 38
5aoxE_5aoxD 84 73
43caE_43caF 112 117
3ubuB_3ubuA 125 130
6fc2B_6fc2A 60 178
1oeyC_1oeyL 74 96
6fsaD_6fsaA_1 74 375
6fsaD_6fsaA_2 74 375
5lexS_5lexT_1 222 227
5lexS_5lexT_2 222 227
5tchC_5tchD_1 173 276
5tchC_5tchD_2 173 276
2o3bB_2o3bA 135 241
4draH_4draD 76 93
4o4hB_4o4hC_1 221 228
4o4hB_4o4hC_2 221 228
3rnqA_3rnqB 112 184
1w98A_1w98B_1 235 214
1w98A_1w98B_2 235 214
5avbF_5avbE 87 99
5m2oB_5m2oA 74 137
5j1lB_5j1lA 182 160
3lwnG_3lwnB 181 181
3vr4G_3vr4H 172 101
4g42B_4g42A 97 271
2ymsC_2ymsA 75 124
5nqfB_5nqfA 35 298
5v1aA_5v1aB 98 26
1uwaP_1uwaH_1 104 345
1uwaP_1uwaH_2 104 345
1ri8B_1ri8A 129 124
3hpwB_3hpwC 101 33
6ayzB_6ayzA 220 149
5exeF_5exeA_1 199 250
5exeF_5exeA_2 199 250
4cmhB_4cmhA_1 213 236
4cmhB_4cmhA_2 213 236
5o02C_5o02A 124 304
2oyhF_2oyhE_1 221 228
2oyhF_2oyhE_2 221 228
4y70S_4y70T_1 219 230
4y70S_4y70T_2 219 230
5lswA_5lswB 273 21
2a5fB_2a5fA 185 162
6al4F_6al4E 224 217
3gjnD_3gjnC 82 120
2vn5A_2vn5B 142 56
5k1aB_5k1aG_1 326 123
5k1aB_5k1aG_2 326 123
3dwgC_3dwgA 92 325
3idiB_3idiA 217 213
5knhD_5knhI 157 97
3ietC_3ietD 217 211
3mjgB_3mjgY 101 273
6d65B_6d65A_1 104 345
6d65B_6d65A_2 104 345
2zu0B_2zu0D_1 408 41
2zu0B_2zu0D_2 408 41
4gi3A_4gi3C 274 57
4ayfB_4ayfA 122 186
2yc1D_2yc1F 117 65
3fubB_3fubA 92 199
5yshG_5yshH_1 339 110
5yshG_5yshH_2 339 110
4imkA_4imkD 229 210
5itzB_5itzF_1 345 104
5itzB_5itzF_2 345 104
2fyuD_2fyuH 241 64
2ymsA_2ymsD 124 74
3oakA_3oakD 151 29
4p1nB_4p1nD 207 53
1kveC_1kveD 63 77
2v9tB_2v9tA 210 107
4belD_4belA_1 107 342
4belD_4belA_2 107 342
4lm6D_4lm6C 175 62
5by8A_5by8B 231 85
4bwcB_4bwcA_1 293 156
4bwcB_4bwcA_2 293 156
4eizB_4eizC 159 127
1axiA_1axiB 175 191
4kyoD_4kyoC_1 190 259
4kyoD_4kyoC_2 190 259
6bzfD_6bzfC 201 197
6c6zH_6c6zB 222 188
2z35A_2z35B 112 111
4h9qA_4h9qB 98 83
6en9M_6en9T_1 303 146
6en9M_6en9T_2 303 146
3w9eC_3w9eA 229 215
5vkdH_5vkdA 229 102
5nrkB_5nrkA 68 143
1qkzA_1qkzH 58 219
3u52F_3u52B_1 86 363
3u52F_3u52B_2 86 363
4cj1B_4cj1A_1 46 403
4cj1B_4cj1A_2 46 403
5jymB_5jymA 225 213
4rsuG_4rsuL 150 104
1ffvD_1ffvF 156 287
4f8cC_4f8cD 248 73
4oclD_4oclE 164 184
2nudA_2nudC 291 23
3k6gF_3k6gC 31 92
2j57K_2j57C 124 105
1zud3_1zud4 240 66
2nqbA_2nqbB 98 81
5yipA_5yipB 123 23
5abxB_5abxA 38 173
3q73A_3q73B_1 177 272
3q73A_3q73B_2 177 272
1y14C_1y14D 136 160
5lf0L_5lf0K 213 200
3uipA_3uipB 155 78
5nw8A_5nw8D 337 18
4nzrM_4nzrL_1 290 159
4nzrM_4nzrL_2 290 159
5vitX_5vitV_1 67 382
5vitX_5vitV_2 67 382
4w4lA_4w4lB 84 174
2ad6A_2ad6B_1 401 48
2ad6A_2ad6B_2 401 48
5j03A_5j03B 73 146
3a8kA_3a8kE_1 334 115
3a8kA_3a8kE_2 334 115
1sbnI_1sbnE 63 275
5me5A_5me5B 152 37
1i7qB_1i7qA_1 121 328
1i7qB_1i7qA_2 121 328
5zq4D_5zq4A 74 348
5ee4A_5ee4D 297 146
4uzzA_4uzzB 108 65
5fqdC_5fqdB_1 196 254
5fqdC_5fqdB_2 196 254
1oaoB_1oaoC_1 216 233
1oaoB_1oaoC_2 216 233
5chlA_5chlB 68 176
5gnaB_5gnaA 56 96
4p1bA_4p1bB_1 277 172
4p1bA_4p1bB_2 277 172
4wb7J_4wb7B 20 402
5a63D_5a63B 100 215
2pa8D_2pa8L 264 92
5xnsA_5xnsC_1 382 67
5xnsA_5xnsC_2 382 67
5x2nA_5x2nH_1 296 153
5x2nA_5x2nH_2 296 153
3me0B_3me0A 128 213
2vlnA_2vlnB 80 134
1re3A_1re3C 60 288
1nrjB_1nrjA 191 147
4uf1B_4uf1A 22 135
2vpeB_2vpeA 30 61
3onlA_3onlC 140 95
5nvmC_5nvmD 157 37
3mb2L_3mb2I 54 60
4m62M_4m62I 113 125
2jg8B_2jg8C 134 131
2ijoB_2ijoI 168 56
1zoyC_1zoyB 138 239
3sriB_3sriA 25 286
1gcqC_1gcqB 69 57
4wxaC_4wxaF 78 49
1niwE_1niwF 136 19
3epaB_3epaA 54 254
3rn1A_3rn1C_1 329 120
3rn1A_3rn1C_2 329 120
5le5K_5le5C 201 236
5wqlC_5wqlA_1 317 132
5wqlC_5wqlA_2 317 132
3nvyK_3nvyJ_1 292 157
3nvyK_3nvyJ_2 292 157
4bwcA_4bwcB_1 156 293
4bwcA_4bwcB_2 156 293
1d5xA_1d5xC 179 223
2yfjC_2yfjD_1 317 132
2yfjC_2yfjD_2 317 132
3u1iA_3u1iB 39 168
3mm8B_3mm8A_1 209 240
3mm8B_3mm8A_2 209 240
3b0zA_3b0zB 41 84
2ibgF_2ibgA 132 214
8kme2_8kme1 248 25
4cs0B_4cs0A 127 126
1uw9E_1uw9I_1 345 105
1uw9E_1uw9I_2 345 105
4reqD_4reqC_1 207 242
4reqD_4reqC_2 207 242
4lfmB_4lfmA 172 142
6cpnB_6cpnA 189 182
2q5wE_2q5wD 137 77
4b2cC_4b2cD 223 71
5bnxD_5bnxA 154 77
3kjfB_3kjfA 102 140
5n00A_5n00B_1 235 214
5n00A_5n00B_2 235 214
2fd6A_2fd6U 122 249
1ze3C_1ze3D 205 116
6fklB_6fklC_1 221 228
6fklB_6fklC_2 221 228
3da7D_3da7A 90 109
3h1zP_3h1zA 15 233
3heiJ_3heiI 132 174
1y4aI_1y4aE 63 275
6ehqM_6ehqT_1 302 147
6ehqM_6ehqT_2 302 147
2c7nG_2c7nH 55 73
4jwuB_4jwuD_1 356 93
4jwuB_4jwuD_2 356 93
4zfgL_4zfgA 213 220
6feaB_6feaA_1 225 224
6feaB_6feaA_2 225 224
3b0cW_3b0cT 73 91
4l1qC_4l1qA_1 120 329
4l1qC_4l1qA_2 120 329
4l0pB_4l0pA 139 175
3p4uD_3p4uC 92 143
1r27D_1r27C_1 124 325
1r27D_1r27C_2 124 325
5m21D_5m21C_1 297 152
5m21D_5m21C_2 297 152
2j3tC_2j3tD 142 211
3ajiC_3ajiD 228 73
2pm7A_2pm7B_1 248 201
2pm7A_2pm7B_2 248 201
4ct0B_4ct0A_1 74 375
4ct0B_4ct0A_2 74 375
3krfD_3krfC_1 239 210
3krfD_3krfC_2 239 210
4h5sA_4h5sB 96 100
5e7oA_5e7oB_1 329 120
5e7oA_5e7oB_2 329 120
1fqjA_1fqjB 317 133
6f5zD_6f5zB 55 228
3fjqE_3fjqI 334 19
1m19C_1m19D 107 94
4zgjI_4zgjJ 204 206
4drhD_4drhE 131 89
2zshA_2zshB 338 59
1xk4J_1xk4L 88 92
1ofuX_1ofuA 119 307
2ahmC_2ahmH 74 191
4pdcF_4pdcB 150 122
5iszB_5iszA 98 275
2dd4J_2dd4L 120 216
5u2vE_5u2vF 200 242
5ojwB_5ojwA 137 152
5omcB_5omcC 120 97
3dtuA_3dtuB_1 303 146
3dtuA_3dtuB_2 303 146
5lsiE_5lsiD 76 82
4j6gB_4j6gD 139 162
2wyeB_2wyeA_1 346 103
2wyeB_2wyeA_2 346 103
4eaiB_4eaiA 51 100
2yajB_2yajA_1 40 409
2yajB_2yajA_2 40 409
3ep7A_3ep7B 239 57
4ylqT_4ylqH_1 205 244
4ylqT_4ylqH_2 205 244
3vbhD_3vbhB 58 245
5bs0D_5bs0A_1 187 262
5bs0D_5bs0A_2 187 262
5vk3A_5vk3B_1 166 283
5vk3A_5vk3B_2 166 283
1m9eB_1m9eC 162 146
5l8rB_5l8rA_1 223 226
5l8rB_5l8rA_2 223 226
1i4oB_1i4oD 232 17
4ygcD_4ygcC 66 227
3bytA_3bytB 109 232
2ibzX_2ibzY 127 107
6cphE_6cphD 244 200
5f85B_5f85A 39 365
4nqxL_4nqxK 100 275
3lxrF_3lxrA 181 180
3q9nB_3q9nD 135 158
3l82B_3l82A 179 195
2v63G_2v63O_1 345 104
2v63G_2v63O_2 345 104
5lliJ_5lliK 101 88
4z9kB_4z9kA 116 258
4b1tA_4b1tB 223 69
4hi9A_4hi9B 168 72
5g15B_5g15A 88 265
2a5fA_2a5fB 162 185
4pswA_4pswB_1 208 241
4pswA_4pswB_2 208 241
1xxmD_1xxmB 165 263
2co6A_2co6B 125 208
2i3sA_2i3sB 334 36
4lkxR_4lkxA 14 213
1ungD_1ungA 150 288
3wveB_3wveA 212 190
5kveE_5kveL 101 114
5bxvD_5bxvC 33 181
4xvjA_4xvjH 13 137
4kpuB_4kpuA_1 196 253
4kpuB_4kpuA_2 196 253
4bsbA_4bsbB_1 292 157
4bsbA_4bsbB_2 292 157
1r27C_1r27D_1 325 124
1r27C_1r27D_2 325 124
4h9pA_4h9pB 98 83
2c1dA_2c1dB 263 137
4fm4P_4fm4O 206 204
2pqrD_2pqrB 45 124
5n1kB_5n1kA 13 341
1mt1F_1mt1E 107 50
5uwiD_5uwiC_1 7 442
5uwiD_5uwiC_2 7 442
1yq4B_1yq4A_1 127 322
1yq4B_1yq4A_2 127 322
4a1xA_4a1xC 191 17
6cjkC_6cjkD 216 212
3hi6A_3hi6H 180 213
2j3tB_2j3tC 153 142
6eszC_6eszB_1 251 198
6eszC_6eszB_2 251 198
3t62A_3t62D 240 54
1mt1A_1mt1B 46 107
3kslB_3kslA_1 252 197
3kslB_3kslA_2 252 197
5wukA_5wukB 366 28
3aa0B_3aa0A_1 213 236
3aa0B_3aa0A_2 213 236
1z7xX_1z7xW_1 96 353
1z7xX_1z7xW_2 96 353
5mzzC_5mzzD_1 234 215
5mzzC_5mzzD_2 234 215
5xl1A_5xl1D_1 292 157
5xl1A_5xl1D_2 292 157
3wexF_3wexE 195 181
4hb2B_4hb2A 129 204
2xjyA_2xjyB 131 35
4mqeA_4mqeB_1 226 223
4mqeA_4mqeB_2 226 223
5vpeA_5vpeB 67 67
1nw9A_1nw9B 91 238
4ekxA_4ekxB 101 142
3ubjF_3ubjE_1 157 292
3ubjF_3ubjE_2 157 292
2b5iB_2b5iA 196 120
5abuA_5abuB 175 58
5m2sA_5m2sB 141 79
4wy4A_4wy4B 64 58
2j55B_2j55M 105 124
1r2bA_1r2bD 125 17
4yizA_4yizB 392 39
5w5sB_5w5sA_1 156 293
5w5sB_5w5sA_2 156 293
1ppfI_1ppfE 56 218
1sp4B_1sp4A 205 48
5tdyA_5tdyB 34 93
3rj3D_3rj3A 125 292
5aqrC_5aqrD_1 347 102
5aqrC_5aqrD_2 347 102
2nxyD_2nxyC 227 214
3mgrC_3mgrD 104 99
5nqgB_5nqgA 33 382
4bi8A_4bi8B 94 163
3zkxA_3zkxB_1 346 103
3zkxA_3zkxB_2 346 103
3f4yF_3f4yC 38 36
2pgqA_2pgqB 41 255
1i2mB_1i2mC_1 316 133
1i2mB_1i2mC_2 316 133
3viqD_3viqC 70 116
2rhsA_2rhsD_1 108 341
2rhsA_2rhsD_2 108 341
4dtgK_4dtgH 60 221
5z1gB_5z1gC 212 99
2qkiD_2qkiF_1 306 143
2qkiD_2qkiF_2 306 143
4wstA_4wstB_1 296 153
4wstA_4wstB_2 296 153
4hstA_4hstB_1 129 320
4hstA_4hstB_2 129 320
5yi8A_5yi8B 136 26
4c58A_4c58B 267 120
2ahjD_2ahjC 212 193
5v8zA_5v8zB 97 27
1rm6E_1rm6D_1 134 315
1rm6E_1rm6D_2 134 315
4n6oB_4n6oA 115 262
6b8lC_6b8lD 70 145
2pvdB_2pvdA 73 107
4k1rD_4k1rC 76 189
5aooB_5aooA_1 260 189
5aooB_5aooA_2 260 189
3rzwC_3rzwB 75 89
5lslH_5lslD 62 79
4po5C_4po5D 162 160
1ri8A_1ri8B 124 129
3phqB_3phqA 213 216
4ki5E_4ki5F 224 209
3kdfA_3kdfB 110 113
1qovL_1qovM_1 216 233
1qovL_1qovM_2 216 233
1e96B_1e96A 185 178
2inpB_2inpE_1 363 86
2inpB_2inpE_2 363 86
4n6oA_4n6oB 262 115
1ookB_1ookG_1 214 235
1ookB_1ookG_2 214 235
5wxmA_5wxmU 130 27
6cw3F_6cw3C 199 220
4lmsA_4lmsB 80 161
5u3nA_5u3nH 23 230
3n4iA_3n4iB 265 165
3nvnA_3nvnB_1 201 248
3nvnA_3nvnB_2 201 248
5k7mA_5k7mB_1 187 262
5k7mA_5k7mB_2 187 262
5kc1G_5kc1H 33 53
3hxgA_3hxgC 183 15
3ln4B_3ln4A 99 274
1fqkA_1fqkB_1 315 134
1fqkA_1fqkB_2 315 134
2jjsA_2jjsC 116 115
1xh4A_1xh4B 334 20
1aisA_1aisB 181 193
6au8A_6au8C 280 42
5jyqA_5jyqB 18 21
2cnyB_2cnyA 20 123
2vt1A_2vt1B 21 81
4jo7F_4jo7E 40 78
5wasC_5wasA 62 180
5wlgD_5wlgE 182 243
1wciA_1wciB_1 241 208
1wciA_1wciB_2 241 208
4eo5B_4eo5A 76 161
4b1xM_4b1xB 28 357
5m0cA_5m0cB 336 19
2guzJ_2guzI 65 71
5n2kD_5n2kC 223 215
4xgaA_4xgaB_1 299 150
4xgaA_4xgaB_2 299 150
2fd6U_2fd6A 249 122
3e33A_3e33B_1 199 250
3e33A_3e33B_2 199 250
4uj9A_4uj9B 339 20
3haxC_3haxA 53 329
4onmB_4onmA 149 140
5iwbB_5iwbA 117 109
4w4kD_4w4kC 173 77
5ceiB_5ceiA_1 196 253
5ceiB_5ceiA_2 196 253
5jnoB_5jnoA 57 97
1o94C_1o94D 233 189
4wfcF_4wfcE 93 70
5jsnB_5jsnA 115 149
5dowG_5dowH 146 20
1r8oA_1r8oB 96 71
4zftA_4zftB 185 78
5o14A_5o14H 229 221
4wzaB_4wzaF_1 296 153
4wzaB_4wzaF_2 296 153
4zrpD_4zrpB_1 74 375
4zrpD_4zrpB_2 74 375
2hzmH_2hzmG 226 196
5u52B_5u52Z 209 34
2co7A_2co7B 112 198
6b9zC_6b9zB 54 221
2yplC_2yplA 11 274
2wdqE_2wdqF_1 320 129
2wdqE_2wdqF_2 320 129
3zcbB_3zcbA 62 185
4a8jC_4a8jE_1 245 204
4a8jC_4a8jE_2 245 204
3wwnA_3wwnB 263 54
4wm8B_4wm8C_1 220 229
4wm8B_4wm8C_2 220 229
3axmT_3axmH_1 97 352
3axmT_3axmH_2 97 352
1umdD_1umdC_1 212 237
1umdD_1umdC_2 212 237
1svfA_1svfB 64 38
5ezyD_5ezyE_1 351 98
5ezyD_5ezyE_2 351 98
5e5mH_5e5mG 110 116
1n1jA_1n1jB 87 78
5sy8O_5sy8H 155 231
5lbsI_5lbsM 119 111
5y9jA_5y9jH 144 218
4wkzB_4wkzA 184 231
5t5iB_5t5iC_1 276 173
5t5iB_5t5iC_2 276 173
3nbhA_3nbhB 144 125
3mrhB_3mrhA 100 274
5aewF_5aewG_1 134 315
5aewF_5aewG_2 134 315
5jfcL_5jfcS_1 280 169
5jfcL_5jfcS_2 280 169
2gzfA_2gzfB 82 130
4r8tA_4r8tB 21 141
4wnbA_4wnbB 169 125
2h62D_2h62A 93 104
2wnvF_2wnvD 129 134
