3lf4A_3lf4B 62 159
2jb0A_2jb0B 85 122
5k1aA_5k1aH 239 594
3qhtC_3qhtA 93 79
1uppE_1uppK 466 123
3hi2B_3hi2A 97 70
5nt4I_5nt4B 47 162
1cdkA_1cdkI 342 20
4llvE_4llvF 121 102
3p4uC_3p4uD 143 92
5a29B_5a29A 18 548
3wxfB_3wxfA 148 299
5zcpS_5zcpP 98 259
1f0cB_1f0cA 36 297
5brkB_5brkA 64 187
5a5hA_5a5hB 167 210
4hfkC_4hfkD 160 97
1nvmF_1nvmE 309 338
1ouzB_1ouzA 94 96
1bthQ_1bthK 58 251
2zyzB_2zyzA 183 93
4o51C_4o51D 214 213
5lslD_5lslH 79 62
4dckA_4dckB 153 134
1gl2D_1gl2C 55 60
6d1qB_6d1qA 160 275
3gzxA_3gzxB 440 186
3mfgA_3mfgB 191 110
1a5bB_1a5bA 389 249
2a52D_2a52C 167 63
5o33B_5o33A 179 177
2f53E_2f53D 243 193
3oiqA_3oiqB 183 30
2j7pE_2j7pB 259 291
5ig7K_5ig7J 213 219
3clsC_3clsD 254 318
4qkoC_4qkoD 87 133
3n7sC_3n7sB 91 95
5haxB_5haxA 14 698
2fm8C_2fm8B 220 125
3mgpE_3mgpF 99 87
4ll1A_4ll1B 278 105
6ffaA_6ffaB 156 77
3oagB_3oagA 171 162
3h11B_3h11A 229 212
4gehA_4gehB 198 65
3q75A_3q75B 315 482
5iu0J_5iu0B 123 462
2xfgA_2xfgB 446 172
2r2mA_2r2mB 26 249
2fmmE_2fmmB 118 67
5x4lA_5x4lC 167 77
4k6lG_4k6lF 224 247
3ajvC_3ajvD 161 178
4l0sD_4l0sB 47 162
4khaB_4khaA 92 360
1s0wC_1s0wA 165 263
4mj5B_4mj5A 100 274
4w78H_4w78G 126 163
4x2oA_4x2oB 179 175
4k81C_4k81B 244 171
5wnaD_5wnaC 211 225
3k33C_3k33A 73 124
2z7fI_2z7fE 50 218
1xbwA_1xbwB 99 96
5b5eD_5b5eE 342 81
5ouaA_5ouaB 349 18
5ng1F_5ng1B 353 420
5x1bO_5x1bN 226 513
5jjnB_5jjnA 61 223
2bezC_2bezF 77 42
2q8bA_2q8bH 292 199
5dcqF_5dcqC 199 159
4yxrA_4yxrI 334 20
5j03B_5j03A 146 73
4g9sB_4g9sA 111 187
1umrD_1umrB 125 135
3mv8D_3mv8E 200 242
3ge3A_3ge3B 491 304
1p27D_1p27C 92 144
1nb5D_1nb5L 219 98
6b5sA_6b5sH 13 214
4we4A_4we4B 321 172
5h2fu_5h2fc 97 455
3gewD_3gewC 217 208
1z7xW_1z7xX 460 126
3it6A_3it6B 193 205
2y1lC_2y1lD 148 90
1ef1C_1ef1A 87 289
4cdeD_4cdeE 114 161
4lldA_4lldB 99 101
5xqzA_5xqzC 178 65
6dcvA_6dcvB 220 225
6df3C_6df3L 155 199
4hs6A_4hs6B 218 213
5e65C_5e65D 424 149
5vkoA_5vkoB 201 29
2w72B_2w72A 146 141
5vtyE_5vtyF 321 171
2zmzA_2zmzB 273 79
3wdgB_3wdgA 110 216
5eu0A_5eu0B 213 55
5hbeA_5hbeB 344 266
5tcjG_5tcjH 248 401
3po1A_3po1B 27 147
4fjvC_4fjvD 230 82
3qpqC_3qpqD 215 218
6ehqT_6ehqM 268 551
4ki0F_4ki0B 490 371
4fhrB_4fhrA 208 182
6gmnB_6gmnC 87 136
1qiyI_1qiyJ 21 30
4e6nB_4e6nA 218 407
3ujiP_3ujiH 18 217
1awcA_1awcB 110 153
4h9oB_4h9oA 83 97
4lzxA_4lzxB 145 37
1h1lB_1h1lA 519 478
5w2bH_5w2bA 226 97
3bpqB_3bpqA 85 41
3uscL_3uscT 581 265
1zlhA_1zlhB 301 74
2vu8E_2vu8I 224 33
5un7A_5un7B 302 61
4i2xA_4i2xB 214 229
6epgA_6epgB 51 382
2f7xE_2f7xI 336 20
2bykA_2bykB 72 89
5a86C_5a86A 15 271
3kikE_3kikA 27 94
3mltE_3mltD 217 213
4cc9B_4cc9A 98 307
3e37B_3e37A 410 315
4qaeC_4qaeQ 163 24
5b13B_5b13L 164 177
2g2wB_2g2wA 164 265
1z5yE_1z5yD 136 118
1re0A_1re0B 162 195
1gcqB_1gcqC 57 69
5otjD_5otjB 69 222
4qjvA_4qjvB 259 94
4i1nB_4i1nA 128 159
3dstB_3dstA 325 311
4pj2A_4pj2D 121 122
5v5iA_5v5iB 161 75
1nviD_1nviE 81 142
6b9xE_6b9xD 91 90
4ydyI_4ydyA 123 157
5cbnB_5cbnA 362 176
4yl8B_4yl8A 31 296
4wnnG_4wnnH 82 98
3f62A_3f62B 108 145
2e9xE_2e9xG 144 183
4cmmB_4cmmA 119 117
2cclC_2cclD 149 62
5viiB_5viiA 277 269
3o0gB_3o0gE 264 149
5m70A_5m70B 188 172
3aujA_3aujG 552 139
4ll1D_4ll1C 105 280
4xt2C_4xt2D 114 107
1nrjA_1nrjB 147 191
3qhyB_3qhyA 271 258
3ktaD_3ktaC 152 160
3ehbC_3ehbD 119 109
4wemA_4wemB 248 121
2plxA_2plxB 223 26
4ms8C_4ms8D 196 239
5efiC_5efiA 16 263
1fvcC_1fvcD 108 120
4g7sA_4g7sC 554 31
5ncuA_5ncuB 329 33
2gc4B_2gc4A 124 382
5imyA_5imyC 474 78
4l79B_4l79A 147 734
3vxqB_3vxqA 242 204
3qmlA_3qmlC 377 262
3gi9C_3gi9H 437 217
1b7xB_1b7xA 244 25
3pr2B_3pr2A 391 266
2abzA_2abzC 299 62
1wmiA_1wmiB 88 61
5vebB_5vebA 215 221
1tm3E_1tm3I 281 64
2uwjG_2uwjE 114 70
3g6aB_3g6aA 222 210
5ggvH_5ggvY 225 119
1ph6B_1ph6A 217 452
3bx4B_3bx4A 122 132
1i7sB_1i7sA 192 511
1fvuB_1fvuA 121 133
6atfF_6atfD 13 179
1wveC_1wveA 75 515
1upmP_1upmO 123 466
3ubuA_3ubuB 130 125
5wujB_5wujA 105 37
4u3sB_4u3sA 156 167
2fnjA_2fnjC 217 88
